1
                 Chemistry at HARvard Macromolecular Mechanics
                   (CHARMM) - Developmental Version 32b1     August 15, 2005   
       Copyright(c) 1984-2001  President and Fellows of Harvard College
                              All Rights Reserved
      Current operating system: Linux-4.2.0-42-generic(x86_64)@noel-leno
                 Created on  9/13/16 at  9:53:43 by user: noel        

            Maximum number of ATOMS:    360720, and RESidues:       90180
            Current HEAP size:       100000000, and STACK size:  10000000

 RDTITL> * THIS FILE IS CONSTRUCT.INP.
 RDTITL> * USAGE, CHARMM PHI=X PSI=Y <CONSTRUCT.INP >CONSTRUCT.OUT.
 RDTITL> * CONSTRUCT A PEPTIDE OF 15 RESIDUES (SPECIFIED BELOW) WITH PHI ANGLES SET TO X
 RDTITL> *  AND PSI ANGLES SET TO Y.
 RDTITL> *                          PHI    PSI
 RDTITL> * ALPHA HELIX              -57    -47
 RDTITL> * BETA SHEET              -120    120
 RDTITL> * POLYPROLINE II HELIX     -75    145
 RDTITL> *
  
 CHARMM>     
  
 CHARMM>    ! Open and read amino acid topology and parameter files.
 CHARMM>    open read card unit 20 name "/home/noel/Programs/charmmSB/trunk/toppar/top_all27_prot_na.rtf"
 VOPEN> Attempting to open::/home/noel/Programs/charmmSB/trunk/toppar/top_all27_prot_na.rtf::
 OPNLGU> Unit 20 opened for READONLY access to /home/noel/Programs/charmmSB/trunk/toppar/top_all27_prot_na.rtf
  
 CHARMM>    read rtf card unit 20
 MAINIO> Residue topology file being read from unit  20.
 TITLE> *>>>>>>>>CHARMM22 ALL-HYDROGEN TOPOLOGY FILE FOR PROTEINS <<<<<<<
 TITLE> *>>>>>>>>>>>>>>>>>>>> AND NUCLEIC ACIDS <<<<<<<<<<<<<<<<<<<<<<<<<
 TITLE> *>>>>> INCLUDES PHI, PSI CROSS TERM MAP (CMAP) CORRECTION <<<<<<<
 TITLE> *>>>>>>>>>>>>>>>>>>>>>>   JULY, 2004    <<<<<<<<<<<<<<<<<<<<<<<<<<
 TITLE> * ALL COMMENTS TO ADM JR. VIA THE CHARMM WEB SITE: WWW.CHARMM.ORG
 TITLE> *               PARAMETER SET DISCUSSION FORUM
 TITLE> *
  
 CHARMM>    close unit 20
 VCLOSE: Closing unit   20 with status "KEEP"
  
 CHARMM>     
  
 CHARMM>    open read card unit 21 name "/home/noel/Programs/charmmSB/trunk/toppar/par_all27_prot_na.prm"
 VOPEN> Attempting to open::/home/noel/Programs/charmmSB/trunk/toppar/par_all27_prot_na.prm::
 OPNLGU> Unit 21 opened for READONLY access to /home/noel/Programs/charmmSB/trunk/toppar/par_all27_prot_na.prm
  
 CHARMM>    read parameter card unit 21

          PARAMETER FILE BEING READ FROM UNIT 21
 TITLE> *>>>>> CHARMM22 ALL-HYDROGEN PARAMETER FILE FOR PROTEINS <<<<<<<<
 TITLE> *>>>>>>>>>>>>>>>>>>>> AND NUCLEIC ACIDS <<<<<<<<<<<<<<<<<<<<<<<<<
 TITLE> *>>>>> INCLUDES PHI, PSI CROSS TERM MAP (CMAP) CORRECTION <<<<<<<
 TITLE> *>>>>>>>>>>>>>>>>>>>>>> DECEMBER, 2003 <<<<<<<<<<<<<<<<<<<<<<<<<<
 TITLE> * ALL COMMENTS TO ADM JR. VIA THE CHARMM WEB SITE: WWW.CHARMM.ORG
 TITLE> *               PARAMETER SET DISCUSSION FORUM
 TITLE> *
 PARMIO> NONBOND, HBOND lists and IMAGE atoms cleared.
  
 CHARMM>    close unit 21
 VCLOSE: Closing unit   21 with status "KEEP"
  
 CHARMM>     
  
 CHARMM>    ! Read sequence of 15 residue peptide from this input script (Unit 5).
 CHARMM>    read sequence card
 MAINIO> Sequence information being read from unit   5.
 RDTITL> * THIS IS THE MANDATORY TITLE
 RDTITL> *
  
 SEQRDR>    24
  
 SEQRDR>    GLY ALA ARG ASN ASP CYS GLU GLN GLY HSE HSP HSD ILE LEU LYS MET PHE PRO SER THR TRP TYR VAL GLY

          RESIDUE SEQUENCE --    24 RESIDUES
          GLY ALA ARG ASN ASP CYS GLU GLN GLY HSE HSP HSD ILE LEU LYS MET PHE PRO SER THR 
          TRP TYR VAL GLY 
 ***** Message from SEQRDR ***** THE SYSTEM CONTAINS  4 TITRATABLE GROUPS
 THE USER MUST PREDETERMINE THE PROTONATION STATE THROUGH THE SEQUENCE AND RTF
 HIS -  0  ASP -  1  GLU -  1  LYS -  1  TYR -  1
  
 CHARMM>     
  
 CHARMM>    ! Setup arrays for the peptide, fill ic table from residue topology file.
 CHARMM>    !generate pep setup
 CHARMM>    generate A first ACE last CTER setup
 THE PATCH 'ACE' WILL BE USED FOR THE FIRST RESIDUE
 THE PATCH 'CTER' WILL BE USED FOR THE LAST  RESIDUE
 GENPSF> Segment   1 has been generated. Its identifier is A.
 PSFSUM> PSF modified: NONBOND lists and IMAGE atoms cleared.
 PSFSUM> Summary of the structure file counters :
         Number of segments      =        1   Number of residues   =       24
         Number of atoms         =      380   Number of groups     =      113
         Number of bonds         =      387   Number of angles     =      688
         Number of dihedrals     =     1008   Number of impropers  =       76
         Number of cross-terms   =       21
         Number of HB acceptors  =       37   Number of HB donors  =       44
         Number of NB exclusions =        0   Total charge =    0.00000
  
 CHARMM>     
  
 CHARMM>    ! Complete ic table, if necessary using values from parameter file.
 CHARMM>    ic parameter
  
 CHARMM>     
  
 CHARMM>    ! Each cycle through loop changes phi of a residue and psi of the next residue.
 CHARMM>    ! Note that first residue has only a psi dihedral and last residue only a phi.
 CHARMM>    ! set resno 1
 CHARMM>    ! set nextres 2
 CHARMM>    ! label loop
 CHARMM>     
  
 CHARMM>    ! Adjust the dihedrals phi of residue numbered nextres and psi of residue
 CHARMM>    !  numbered resno to the passed values Phi and Psi.
 CHARMM>    ! ic edit
 CHARMM>    ! dihedral @resno C @nextres N @nextres CA @nextres C 120
 CHARMM>    ! dihedral @resno N @resno CA @resno C @nextres N 120
 CHARMM>    ! end
 CHARMM>     
  
 CHARMM>    ! increment resno
 CHARMM>    ! increment nextres
 CHARMM>    ! if resno lt 15 goto loop
 CHARMM>     
  
 CHARMM>    ! Having set internal coordinates, now build cartesian coordinates.
 CHARMM>    ic seed 1 N 1 CA 1 C
  
 CHARMM>    ic build
  
 CHARMM>     
  
 CHARMM>    ! Write out cartesian coordinates of the peptide.
 CHARMM>    open write card name peptides.pdb unit 30
 VOPEN> Attempting to open::peptides.pdb::
 OPNLGU> Unit 30 opened for WRITE access to peptides.pdb
  
 CHARMM>    write coordinates pdb select all end unit 30
 RDTITL> * PEPTIDE WITH ALL PHI SET TO PHI AND ALL PSI SET TO
 RDTITL> *
 SELRPN>    380 atoms have been selected out of    380
  
 CHARMM>     
  
 CHARMM>    stop
 VCLOSE: Closing unit   30 with status "KEEP"
$$$$$$  New timer profile $$$$$
 Total time              0.33258 Other:    0.00000

                    NORMAL TERMINATION BY NORMAL STOP
                    MAXIMUM STACK SPACE USED IS   93204
                    STACK CURRENTLY IN USE IS         0
                    NO WARNINGS WERE ISSUED
                    HEAP PRINTOUT-  HEAP SIZE 100000000
                    SPACE CURRENTLY IN USE IS     27648
                    MAXIMUM SPACE USED IS         37788
                    FREE LIST
            PRINHP> ADDRESS:         1 LENGTH:  99971812 NEXT:  99999461
            PRINHP> ADDRESS:  99999461 LENGTH:       540 NEXT:         0

                    $$$$$ JOB ACCOUNTING INFORMATION $$$$$
                     ELAPSED TIME:     0.34  SECONDS 
                         CPU TIME:     0.00  SECONDS 
