1
                 Chemistry at HARvard Macromolecular Mechanics
           (CHARMM) - Developmental Version 40b2   February 15, 2016            
                                    849ef4e                                     
       Copyright(c) 1984-2014  President and Fellows of Harvard College
                              All Rights Reserved
        Current operating system: Linux-4.10.0-33-generic(x86_64)@noel-P        
                 Created on  9/9/17 at 15:23:04 by user: noel        

            Maximum number of ATOMS:    360720, and RESidues:      120240
 RDTITL> * AUTO-GENERATED CHARMM SCRIPT.
 RDTITL> *
  
 CHARMM>     
  
 CHARMM>    ! CHARMM input generated by charmm_setup.prl
 CHARMM>    ! ==========================================
 CHARMM>    ! Read in topology and parameter files
 CHARMM>    ! ====================================
 CHARMM>     
  
 CHARMM>    !open read unit 1 card name "/home/Programs/EntropyMaxima/params/charmm27.ff/top_all27_prot_na.rtf"
 CHARMM>    open read unit 1 card name "/home/noel/Projects/Protein_design/EntropyMaxima/em/params/charmm27.ff/top_all27_prot_na.rtf"
 VOPEN> Attempting to open::/home/noel/Projects/Protein_design/EntropyMaxima/em/params/charmm27.ff/top_all27_prot_na.rtf::
 OPNLGU> Unit  1 opened for READONLY access to /home/noel/Projects/Protein_design/EntropyMaxima/em/params/charmm27.ff/top_all27_prot_na.rtf
  
 CHARMM>    read rtf card unit 1
 MAINIO> Residue topology file being read from unit   1.
 TITLE> *>>>>>>>>CHARMM22 ALL-HYDROGEN TOPOLOGY FILE FOR PROTEINS <<<<<<<
 TITLE> *>>>>>>>>>>>>>>>>>>>> AND NUCLEIC ACIDS <<<<<<<<<<<<<<<<<<<<<<<<<
 TITLE> *>>>>> INCLUDES PHI, PSI CROSS TERM MAP (CMAP) CORRECTION <<<<<<<
 TITLE> *>>>>>>>>>>>>>>>>>>>>>>   JULY, 2004    <<<<<<<<<<<<<<<<<<<<<<<<<<
 TITLE> * ALL COMMENTS TO ADM JR. VIA THE CHARMM WEB SITE: WWW.CHARMM.ORG
 TITLE> *               PARAMETER SET DISCUSSION FORUM
 TITLE> *
  
 CHARMM>    close unit 1
 VCLOSE: Closing unit    1 with status "KEEP"
  
 CHARMM>     
  
 CHARMM>    !open read unit 2 card name "/home/Programs/EntropyMaxima/params/charmm27.ff/par_all27_prot_na.prm
 CHARMM>    open read unit 2 card name "/home/noel/Projects/Protein_design/EntropyMaxima/em/params/charmm27.ff/par_all27_prot_na.prm"
 VOPEN> Attempting to open::/home/noel/Projects/Protein_design/EntropyMaxima/em/params/charmm27.ff/par_all27_prot_na.prm::
 OPNLGU> Unit  2 opened for READONLY access to /home/noel/Projects/Protein_design/EntropyMaxima/em/params/charmm27.ff/par_all27_prot_na.prm
  
 CHARMM>    read para card unit 2

          PARAMETER FILE BEING READ FROM UNIT  2
 TITLE> *>>>>> CHARMM22 ALL-HYDROGEN PARAMETER FILE FOR PROTEINS <<<<<<<<
 TITLE> *>>>>>>>>>>>>>>>>>>>> AND NUCLEIC ACIDS <<<<<<<<<<<<<<<<<<<<<<<<<
 TITLE> *>>>>> INCLUDES PHI, PSI CROSS TERM MAP (CMAP) CORRECTION <<<<<<<
 TITLE> *>>>>>>>>>>>>>>>>>>>>>> DECEMBER, 2003 <<<<<<<<<<<<<<<<<<<<<<<<<<
 TITLE> * ALL COMMENTS TO ADM JR. VIA THE CHARMM WEB SITE: WWW.CHARMM.ORG
 TITLE> *               PARAMETER SET DISCUSSION FORUM
 TITLE> *
 PARMIO> NONBOND, HBOND lists and IMAGE atoms cleared.
  
 CHARMM>    close unit 2
 VCLOSE: Closing unit    2 with status "KEEP"
  
 CHARMM>     
  
 CHARMM>    !stream "/home/Programs/EntropyMaxima/params/charmm27.ff/radii_prot_na_dfg.str"
 CHARMM>     
  
 CHARMM>    open read unit 1 card name A.SEQ
 VOPEN> Attempting to open::A.SEQ::
 OPNLGU> Unit  1 opened for READONLY access to A.SEQ
  
 CHARMM>    read sequence unit 1 card
 MAINIO> Sequence information being read from unit   1.
 TITLE> * SEQUENCE OF CHAIN A
 TITLE> * NAME: MOLECULE
 TITLE> * TITLE: NEW MOLECULE GENERATED BY PDB_TP_CRD.PY
 TITLE> *
  
 SEQRDR>       28
  
 SEQRDR>    SER
  
 SEQRDR>    GLY
  
 SEQRDR>    ASP
  
 SEQRDR>    ASP
  
 SEQRDR>    ASP
  
 SEQRDR>    ASP
  
 SEQRDR>    LYS
  
 SEQRDR>    GLY
  
 SEQRDR>    ILE
  
 SEQRDR>    VAL
  
 SEQRDR>    GLU
  
 SEQRDR>    GLN
  
 SEQRDR>    CYS
  
 SEQRDR>    CYS
  
 SEQRDR>    THR
  
 SEQRDR>    SER
  
 SEQRDR>    ILE
  
 SEQRDR>    CYS
  
 SEQRDR>    SER
  
 SEQRDR>    LEU
  
 SEQRDR>    TYR
  
 SEQRDR>    GLN
  
 SEQRDR>    LEU
  
 SEQRDR>    GLU
  
 SEQRDR>    ASN
  
 SEQRDR>    TYR
  
 SEQRDR>    CYS
  
 SEQRDR>    ASN

          RESIDUE SEQUENCE --    28 RESIDUES
          SER GLY ASP ASP ASP ASP LYS GLY ILE VAL GLU GLN CYS CYS THR SER ILE CYS SER LEU 
          TYR GLN LEU GLU ASN TYR CYS ASN 
 ***** Message from SEQRDR ***** THE SYSTEM CONTAINS  9 TITRATABLE GROUPS
 THE USER MUST PREDETERMINE THE PROTONATION STATE THROUGH THE SEQUENCE AND RTF
 HIS -  0  HSD -  0  HSE -  0  HSP -  0  ASP -  4  GLU -  2  LYS -  1  TYR -  2
  
 CHARMM>    close unit 1
 VCLOSE: Closing unit    1 with status "KEEP"
  
 CHARMM>    generate A first none last CTER setup
 NO PATCHING WILL BE DONE ON THE FIRST RESIDUE
 THE PATCH 'CTER' WILL BE USED FOR THE LAST  RESIDUE
 GENPSF> Segment   1 has been generated. Its identifier is A.
 PSFSUM> PSF modified: NONBOND lists and IMAGE atoms cleared.
 PSFSUM> Summary of the structure file counters :
         Number of segments      =        1   Number of residues   =       28
         Number of atoms         =      402   Number of groups     =      124
         Number of bonds         =      403   Number of angles     =      716
         Number of dihedrals     =     1046   Number of impropers  =       77
         Number of cross-terms   =       26
         Number of HB acceptors  =       51   Number of HB donors  =       49
         Number of NB exclusions =        0   Total charge =   -6.00000
  
 CHARMM>    stream "A_FIXRES.INP"
 VOPEN> Attempting to open::A_FIXRES.INP::
 OPNLGU> Unit 99 opened for READONLY access to A_FIXRES.INP

                    INPUT STREAM SWITCHING TO UNIT    99
 RDTITL>  
 RDTITL> No title read.
 Parameter: IN1 <- "" <empty>
  
 CHARMM>     
  
 CHARMM>    ! First pass .... assigning temporary RESID
 CHARMM>    ! 1 , 1
 CHARMM>    rename resid x1 sele segid A .and. resid 1 end
 SELRPN>     11 atoms have been selected out of    402
 FOR SEGMENT 'A   ', RESIDUE '1   ' IS RENAMED TO 'X1  '
  
 CHARMM>    ! 2 , 2
 CHARMM>    rename resid x2 sele segid A .and. resid 2 end
 SELRPN>      7 atoms have been selected out of    402
 FOR SEGMENT 'A   ', RESIDUE '2   ' IS RENAMED TO 'X2  '
  
 CHARMM>    ! 3 , 3
 CHARMM>    rename resid x3 sele segid A .and. resid 3 end
 SELRPN>     12 atoms have been selected out of    402
 FOR SEGMENT 'A   ', RESIDUE '3   ' IS RENAMED TO 'X3  '
  
 CHARMM>    ! 4 , 4
 CHARMM>    rename resid x4 sele segid A .and. resid 4 end
 SELRPN>     12 atoms have been selected out of    402
 FOR SEGMENT 'A   ', RESIDUE '4   ' IS RENAMED TO 'X4  '
  
 CHARMM>    ! 5 , 5
 CHARMM>    rename resid x5 sele segid A .and. resid 5 end
 SELRPN>     12 atoms have been selected out of    402
 FOR SEGMENT 'A   ', RESIDUE '5   ' IS RENAMED TO 'X5  '
  
 CHARMM>    ! 6 , 6
 CHARMM>    rename resid x6 sele segid A .and. resid 6 end
 SELRPN>     12 atoms have been selected out of    402
 FOR SEGMENT 'A   ', RESIDUE '6   ' IS RENAMED TO 'X6  '
  
 CHARMM>    ! 7 , 7
 CHARMM>    rename resid x7 sele segid A .and. resid 7 end
 SELRPN>     22 atoms have been selected out of    402
 FOR SEGMENT 'A   ', RESIDUE '7   ' IS RENAMED TO 'X7  '
  
 CHARMM>    ! 8 , 8
 CHARMM>    rename resid x8 sele segid A .and. resid 8 end
 SELRPN>      7 atoms have been selected out of    402
 FOR SEGMENT 'A   ', RESIDUE '8   ' IS RENAMED TO 'X8  '
  
 CHARMM>    ! 9 , 9
 CHARMM>    rename resid x9 sele segid A .and. resid 9 end
 SELRPN>     19 atoms have been selected out of    402
 FOR SEGMENT 'A   ', RESIDUE '9   ' IS RENAMED TO 'X9  '
  
 CHARMM>    ! 10 , 10
 CHARMM>    rename resid x10 sele segid A .and. resid 10 end
 SELRPN>     16 atoms have been selected out of    402
 FOR SEGMENT 'A   ', RESIDUE '10  ' IS RENAMED TO 'X10 '
  
 CHARMM>    ! 11 , 11
 CHARMM>    rename resid x11 sele segid A .and. resid 11 end
 SELRPN>     15 atoms have been selected out of    402
 FOR SEGMENT 'A   ', RESIDUE '11  ' IS RENAMED TO 'X11 '
  
 CHARMM>    ! 12 , 12
 CHARMM>    rename resid x12 sele segid A .and. resid 12 end
 SELRPN>     17 atoms have been selected out of    402
 FOR SEGMENT 'A   ', RESIDUE '12  ' IS RENAMED TO 'X12 '
  
 CHARMM>    ! 13 , 13
 CHARMM>    rename resid x13 sele segid A .and. resid 13 end
 SELRPN>     11 atoms have been selected out of    402
 FOR SEGMENT 'A   ', RESIDUE '13  ' IS RENAMED TO 'X13 '
  
 CHARMM>    ! 14 , 14
 CHARMM>    rename resid x14 sele segid A .and. resid 14 end
 SELRPN>     11 atoms have been selected out of    402
 FOR SEGMENT 'A   ', RESIDUE '14  ' IS RENAMED TO 'X14 '
  
 CHARMM>    ! 15 , 15
 CHARMM>    rename resid x15 sele segid A .and. resid 15 end
 SELRPN>     14 atoms have been selected out of    402
 FOR SEGMENT 'A   ', RESIDUE '15  ' IS RENAMED TO 'X15 '
  
 CHARMM>    ! 16 , 16
 CHARMM>    rename resid x16 sele segid A .and. resid 16 end
 SELRPN>     11 atoms have been selected out of    402
 FOR SEGMENT 'A   ', RESIDUE '16  ' IS RENAMED TO 'X16 '
  
 CHARMM>    ! 17 , 17
 CHARMM>    rename resid x17 sele segid A .and. resid 17 end
 SELRPN>     19 atoms have been selected out of    402
 FOR SEGMENT 'A   ', RESIDUE '17  ' IS RENAMED TO 'X17 '
  
 CHARMM>    ! 18 , 18
 CHARMM>    rename resid x18 sele segid A .and. resid 18 end
 SELRPN>     11 atoms have been selected out of    402
 FOR SEGMENT 'A   ', RESIDUE '18  ' IS RENAMED TO 'X18 '
  
 CHARMM>    ! 19 , 19
 CHARMM>    rename resid x19 sele segid A .and. resid 19 end
 SELRPN>     11 atoms have been selected out of    402
 FOR SEGMENT 'A   ', RESIDUE '19  ' IS RENAMED TO 'X19 '
  
 CHARMM>    ! 20 , 20
 CHARMM>    rename resid x20 sele segid A .and. resid 20 end
 SELRPN>     19 atoms have been selected out of    402
 FOR SEGMENT 'A   ', RESIDUE '20  ' IS RENAMED TO 'X20 '
  
 CHARMM>    ! 21 , 21
 CHARMM>    rename resid x21 sele segid A .and. resid 21 end
 SELRPN>     21 atoms have been selected out of    402
 FOR SEGMENT 'A   ', RESIDUE '21  ' IS RENAMED TO 'X21 '
  
 CHARMM>    ! 22 , 22
 CHARMM>    rename resid x22 sele segid A .and. resid 22 end
 SELRPN>     17 atoms have been selected out of    402
 FOR SEGMENT 'A   ', RESIDUE '22  ' IS RENAMED TO 'X22 '
  
 CHARMM>    ! 23 , 23
 CHARMM>    rename resid x23 sele segid A .and. resid 23 end
 SELRPN>     19 atoms have been selected out of    402
 FOR SEGMENT 'A   ', RESIDUE '23  ' IS RENAMED TO 'X23 '
  
 CHARMM>    ! 24 , 24
 CHARMM>    rename resid x24 sele segid A .and. resid 24 end
 SELRPN>     15 atoms have been selected out of    402
 FOR SEGMENT 'A   ', RESIDUE '24  ' IS RENAMED TO 'X24 '
  
 CHARMM>    ! 25 , 25
 CHARMM>    rename resid x25 sele segid A .and. resid 25 end
 SELRPN>     14 atoms have been selected out of    402
 FOR SEGMENT 'A   ', RESIDUE '25  ' IS RENAMED TO 'X25 '
  
 CHARMM>    ! 26 , 26
 CHARMM>    rename resid x26 sele segid A .and. resid 26 end
 SELRPN>     21 atoms have been selected out of    402
 FOR SEGMENT 'A   ', RESIDUE '26  ' IS RENAMED TO 'X26 '
  
 CHARMM>    ! 27 , 27
 CHARMM>    rename resid x27 sele segid A .and. resid 27 end
 SELRPN>     11 atoms have been selected out of    402
 FOR SEGMENT 'A   ', RESIDUE '27  ' IS RENAMED TO 'X27 '
  
 CHARMM>    ! 28 , 28
 CHARMM>    rename resid x28 sele segid A .and. resid 28 end
 SELRPN>     15 atoms have been selected out of    402
 FOR SEGMENT 'A   ', RESIDUE '28  ' IS RENAMED TO 'X28 '
  
 CHARMM>    ! First pass complete.
 CHARMM>     
  
 CHARMM>    ! Second pass .... re-assigning correct RESID
 CHARMM>    rename resid 1 sele segid A .and. resid x1 end
 SELRPN>     11 atoms have been selected out of    402
 FOR SEGMENT 'A   ', RESIDUE 'X1  ' IS RENAMED TO '1   '
  
 CHARMM>    rename resid 2 sele segid A .and. resid x2 end
 SELRPN>      7 atoms have been selected out of    402
 FOR SEGMENT 'A   ', RESIDUE 'X2  ' IS RENAMED TO '2   '
  
 CHARMM>    rename resid 3 sele segid A .and. resid x3 end
 SELRPN>     12 atoms have been selected out of    402
 FOR SEGMENT 'A   ', RESIDUE 'X3  ' IS RENAMED TO '3   '
  
 CHARMM>    rename resid 4 sele segid A .and. resid x4 end
 SELRPN>     12 atoms have been selected out of    402
 FOR SEGMENT 'A   ', RESIDUE 'X4  ' IS RENAMED TO '4   '
  
 CHARMM>    rename resid 5 sele segid A .and. resid x5 end
 SELRPN>     12 atoms have been selected out of    402
 FOR SEGMENT 'A   ', RESIDUE 'X5  ' IS RENAMED TO '5   '
  
 CHARMM>    rename resid 6 sele segid A .and. resid x6 end
 SELRPN>     12 atoms have been selected out of    402
 FOR SEGMENT 'A   ', RESIDUE 'X6  ' IS RENAMED TO '6   '
  
 CHARMM>    rename resid 7 sele segid A .and. resid x7 end
 SELRPN>     22 atoms have been selected out of    402
 FOR SEGMENT 'A   ', RESIDUE 'X7  ' IS RENAMED TO '7   '
  
 CHARMM>    rename resid 8 sele segid A .and. resid x8 end
 SELRPN>      7 atoms have been selected out of    402
 FOR SEGMENT 'A   ', RESIDUE 'X8  ' IS RENAMED TO '8   '
  
 CHARMM>    rename resid 9 sele segid A .and. resid x9 end
 SELRPN>     19 atoms have been selected out of    402
 FOR SEGMENT 'A   ', RESIDUE 'X9  ' IS RENAMED TO '9   '
  
 CHARMM>    rename resid 10 sele segid A .and. resid x10 end
 SELRPN>     16 atoms have been selected out of    402
 FOR SEGMENT 'A   ', RESIDUE 'X10 ' IS RENAMED TO '10  '
  
 CHARMM>    rename resid 11 sele segid A .and. resid x11 end
 SELRPN>     15 atoms have been selected out of    402
 FOR SEGMENT 'A   ', RESIDUE 'X11 ' IS RENAMED TO '11  '
  
 CHARMM>    rename resid 12 sele segid A .and. resid x12 end
 SELRPN>     17 atoms have been selected out of    402
 FOR SEGMENT 'A   ', RESIDUE 'X12 ' IS RENAMED TO '12  '
  
 CHARMM>    rename resid 13 sele segid A .and. resid x13 end
 SELRPN>     11 atoms have been selected out of    402
 FOR SEGMENT 'A   ', RESIDUE 'X13 ' IS RENAMED TO '13  '
  
 CHARMM>    rename resid 14 sele segid A .and. resid x14 end
 SELRPN>     11 atoms have been selected out of    402
 FOR SEGMENT 'A   ', RESIDUE 'X14 ' IS RENAMED TO '14  '
  
 CHARMM>    rename resid 15 sele segid A .and. resid x15 end
 SELRPN>     14 atoms have been selected out of    402
 FOR SEGMENT 'A   ', RESIDUE 'X15 ' IS RENAMED TO '15  '
  
 CHARMM>    rename resid 16 sele segid A .and. resid x16 end
 SELRPN>     11 atoms have been selected out of    402
 FOR SEGMENT 'A   ', RESIDUE 'X16 ' IS RENAMED TO '16  '
  
 CHARMM>    rename resid 17 sele segid A .and. resid x17 end
 SELRPN>     19 atoms have been selected out of    402
 FOR SEGMENT 'A   ', RESIDUE 'X17 ' IS RENAMED TO '17  '
  
 CHARMM>    rename resid 18 sele segid A .and. resid x18 end
 SELRPN>     11 atoms have been selected out of    402
 FOR SEGMENT 'A   ', RESIDUE 'X18 ' IS RENAMED TO '18  '
  
 CHARMM>    rename resid 19 sele segid A .and. resid x19 end
 SELRPN>     11 atoms have been selected out of    402
 FOR SEGMENT 'A   ', RESIDUE 'X19 ' IS RENAMED TO '19  '
  
 CHARMM>    rename resid 20 sele segid A .and. resid x20 end
 SELRPN>     19 atoms have been selected out of    402
 FOR SEGMENT 'A   ', RESIDUE 'X20 ' IS RENAMED TO '20  '
  
 CHARMM>    rename resid 21 sele segid A .and. resid x21 end
 SELRPN>     21 atoms have been selected out of    402
 FOR SEGMENT 'A   ', RESIDUE 'X21 ' IS RENAMED TO '21  '
  
 CHARMM>    rename resid 22 sele segid A .and. resid x22 end
 SELRPN>     17 atoms have been selected out of    402
 FOR SEGMENT 'A   ', RESIDUE 'X22 ' IS RENAMED TO '22  '
  
 CHARMM>    rename resid 23 sele segid A .and. resid x23 end
 SELRPN>     19 atoms have been selected out of    402
 FOR SEGMENT 'A   ', RESIDUE 'X23 ' IS RENAMED TO '23  '
  
 CHARMM>    rename resid 24 sele segid A .and. resid x24 end
 SELRPN>     15 atoms have been selected out of    402
 FOR SEGMENT 'A   ', RESIDUE 'X24 ' IS RENAMED TO '24  '
  
 CHARMM>    rename resid 25 sele segid A .and. resid x25 end
 SELRPN>     14 atoms have been selected out of    402
 FOR SEGMENT 'A   ', RESIDUE 'X25 ' IS RENAMED TO '25  '
  
 CHARMM>    rename resid 26 sele segid A .and. resid x26 end
 SELRPN>     21 atoms have been selected out of    402
 FOR SEGMENT 'A   ', RESIDUE 'X26 ' IS RENAMED TO '26  '
  
 CHARMM>    rename resid 27 sele segid A .and. resid x27 end
 SELRPN>     11 atoms have been selected out of    402
 FOR SEGMENT 'A   ', RESIDUE 'X27 ' IS RENAMED TO '27  '
  
 CHARMM>    rename resid 28 sele segid A .and. resid x28 end
 SELRPN>     15 atoms have been selected out of    402
 FOR SEGMENT 'A   ', RESIDUE 'X28 ' IS RENAMED TO '28  '
  
 CHARMM>    ! Second pass complete.
 CHARMM>     
  
 CHARMM>    ! End of generated script
 VCLOSE: Closing unit   99 with status "KEEP"

                    RETURNING TO INPUT STREAM     5
  
 CHARMM>     
  
 CHARMM>    open read unit 1 card name B.SEQ
 VOPEN> Attempting to open::B.SEQ::
 OPNLGU> Unit  1 opened for READONLY access to B.SEQ
  
 CHARMM>    read sequence unit 1 card
 MAINIO> Sequence information being read from unit   1.
 TITLE> * SEQUENCE OF CHAIN B
 TITLE> * NAME: MOLECULE
 TITLE> * TITLE: NEW MOLECULE GENERATED BY PDB_TP_CRD.PY
 TITLE> *
  
 SEQRDR>       37
  
 SEQRDR>    SER
  
 SEQRDR>    GLY
  
 SEQRDR>    ASP
  
 SEQRDR>    ASP
  
 SEQRDR>    ASP
  
 SEQRDR>    ASP
  
 SEQRDR>    LYS
  
 SEQRDR>    PHE
  
 SEQRDR>    VAL
  
 SEQRDR>    ASN
  
 SEQRDR>    GLN
  
 SEQRDR>    HSD
  
 SEQRDR>    LEU
  
 SEQRDR>    CYS
  
 SEQRDR>    GLY
  
 SEQRDR>    SER
  
 SEQRDR>    HSD
  
 SEQRDR>    LEU
  
 SEQRDR>    VAL
  
 SEQRDR>    GLU
  
 SEQRDR>    ALA
  
 SEQRDR>    LEU
  
 SEQRDR>    TYR
  
 SEQRDR>    LEU
  
 SEQRDR>    VAL
  
 SEQRDR>    CYS
  
 SEQRDR>    GLY
  
 SEQRDR>    GLU
  
 SEQRDR>    ARG
  
 SEQRDR>    GLY
  
 SEQRDR>    PHE
  
 SEQRDR>    PHE
  
 SEQRDR>    TYR
  
 SEQRDR>    THR
  
 SEQRDR>    PRO
  
 SEQRDR>    LYS
  
 SEQRDR>    THR

          RESIDUE SEQUENCE --    37 RESIDUES
          SER GLY ASP ASP ASP ASP LYS PHE VAL ASN GLN HSD LEU CYS GLY SER HSD LEU VAL GLU 
          ALA LEU TYR LEU VAL CYS GLY GLU ARG GLY PHE PHE TYR THR PRO LYS THR 
 ***** Message from SEQRDR ***** THE SYSTEM CONTAINS 12 TITRATABLE GROUPS
 THE USER MUST PREDETERMINE THE PROTONATION STATE THROUGH THE SEQUENCE AND RTF
 HIS -  0  HSD -  2  HSE -  0  HSP -  0  ASP -  4  GLU -  2  LYS -  2  TYR -  2
  
 CHARMM>    close unit 1
 VCLOSE: Closing unit    1 with status "KEEP"
  
 CHARMM>    generate B first none last CTER setup
 NO PATCHING WILL BE DONE ON THE FIRST RESIDUE
 THE PATCH 'CTER' WILL BE USED FOR THE LAST  RESIDUE
 GENPSF> Segment   2 has been generated. Its identifier is B.
 PSFSUM> PSF modified: NONBOND lists and IMAGE atoms cleared.
 PSFSUM> Summary of the structure file counters :
         Number of segments      =        2   Number of residues   =       65
         Number of atoms         =      964   Number of groups     =      299
         Number of bonds         =      972   Number of angles     =     1732
         Number of dihedrals     =     2539   Number of impropers  =      177
         Number of cross-terms   =       61
         Number of HB acceptors  =      111   Number of HB donors  =      110
         Number of NB exclusions =        0   Total charge =  -10.00000
  
 CHARMM>    stream "B_FIXRES.INP"
 VOPEN> Attempting to open::B_FIXRES.INP::
 OPNLGU> Unit 99 opened for READONLY access to B_FIXRES.INP

                    INPUT STREAM SWITCHING TO UNIT    99
 RDTITL>  
 RDTITL> No title read.
 Parameter: IN1 <- "" <empty>
  
 CHARMM>     
  
 CHARMM>    ! First pass .... assigning temporary RESID
 CHARMM>    ! 1 , 1
 CHARMM>    rename resid x1 sele segid B .and. resid 1 end
 SELRPN>     11 atoms have been selected out of    964
 FOR SEGMENT 'B   ', RESIDUE '1   ' IS RENAMED TO 'X1  '
  
 CHARMM>    ! 2 , 2
 CHARMM>    rename resid x2 sele segid B .and. resid 2 end
 SELRPN>      7 atoms have been selected out of    964
 FOR SEGMENT 'B   ', RESIDUE '2   ' IS RENAMED TO 'X2  '
  
 CHARMM>    ! 3 , 3
 CHARMM>    rename resid x3 sele segid B .and. resid 3 end
 SELRPN>     12 atoms have been selected out of    964
 FOR SEGMENT 'B   ', RESIDUE '3   ' IS RENAMED TO 'X3  '
  
 CHARMM>    ! 4 , 4
 CHARMM>    rename resid x4 sele segid B .and. resid 4 end
 SELRPN>     12 atoms have been selected out of    964
 FOR SEGMENT 'B   ', RESIDUE '4   ' IS RENAMED TO 'X4  '
  
 CHARMM>    ! 5 , 5
 CHARMM>    rename resid x5 sele segid B .and. resid 5 end
 SELRPN>     12 atoms have been selected out of    964
 FOR SEGMENT 'B   ', RESIDUE '5   ' IS RENAMED TO 'X5  '
  
 CHARMM>    ! 6 , 6
 CHARMM>    rename resid x6 sele segid B .and. resid 6 end
 SELRPN>     12 atoms have been selected out of    964
 FOR SEGMENT 'B   ', RESIDUE '6   ' IS RENAMED TO 'X6  '
  
 CHARMM>    ! 7 , 7
 CHARMM>    rename resid x7 sele segid B .and. resid 7 end
 SELRPN>     22 atoms have been selected out of    964
 FOR SEGMENT 'B   ', RESIDUE '7   ' IS RENAMED TO 'X7  '
  
 CHARMM>    ! 8 , 8
 CHARMM>    rename resid x8 sele segid B .and. resid 8 end
 SELRPN>     20 atoms have been selected out of    964
 FOR SEGMENT 'B   ', RESIDUE '8   ' IS RENAMED TO 'X8  '
  
 CHARMM>    ! 9 , 9
 CHARMM>    rename resid x9 sele segid B .and. resid 9 end
 SELRPN>     16 atoms have been selected out of    964
 FOR SEGMENT 'B   ', RESIDUE '9   ' IS RENAMED TO 'X9  '
  
 CHARMM>    ! 10 , 10
 CHARMM>    rename resid x10 sele segid B .and. resid 10 end
 SELRPN>     14 atoms have been selected out of    964
 FOR SEGMENT 'B   ', RESIDUE '10  ' IS RENAMED TO 'X10 '
  
 CHARMM>    ! 11 , 11
 CHARMM>    rename resid x11 sele segid B .and. resid 11 end
 SELRPN>     17 atoms have been selected out of    964
 FOR SEGMENT 'B   ', RESIDUE '11  ' IS RENAMED TO 'X11 '
  
 CHARMM>    ! 12 , 12
 CHARMM>    rename resid x12 sele segid B .and. resid 12 end
 SELRPN>     17 atoms have been selected out of    964
 FOR SEGMENT 'B   ', RESIDUE '12  ' IS RENAMED TO 'X12 '
  
 CHARMM>    ! 13 , 13
 CHARMM>    rename resid x13 sele segid B .and. resid 13 end
 SELRPN>     19 atoms have been selected out of    964
 FOR SEGMENT 'B   ', RESIDUE '13  ' IS RENAMED TO 'X13 '
  
 CHARMM>    ! 14 , 14
 CHARMM>    rename resid x14 sele segid B .and. resid 14 end
 SELRPN>     11 atoms have been selected out of    964
 FOR SEGMENT 'B   ', RESIDUE '14  ' IS RENAMED TO 'X14 '
  
 CHARMM>    ! 15 , 15
 CHARMM>    rename resid x15 sele segid B .and. resid 15 end
 SELRPN>      7 atoms have been selected out of    964
 FOR SEGMENT 'B   ', RESIDUE '15  ' IS RENAMED TO 'X15 '
  
 CHARMM>    ! 16 , 16
 CHARMM>    rename resid x16 sele segid B .and. resid 16 end
 SELRPN>     11 atoms have been selected out of    964
 FOR SEGMENT 'B   ', RESIDUE '16  ' IS RENAMED TO 'X16 '
  
 CHARMM>    ! 17 , 17
 CHARMM>    rename resid x17 sele segid B .and. resid 17 end
 SELRPN>     17 atoms have been selected out of    964
 FOR SEGMENT 'B   ', RESIDUE '17  ' IS RENAMED TO 'X17 '
  
 CHARMM>    ! 18 , 18
 CHARMM>    rename resid x18 sele segid B .and. resid 18 end
 SELRPN>     19 atoms have been selected out of    964
 FOR SEGMENT 'B   ', RESIDUE '18  ' IS RENAMED TO 'X18 '
  
 CHARMM>    ! 19 , 19
 CHARMM>    rename resid x19 sele segid B .and. resid 19 end
 SELRPN>     16 atoms have been selected out of    964
 FOR SEGMENT 'B   ', RESIDUE '19  ' IS RENAMED TO 'X19 '
  
 CHARMM>    ! 20 , 20
 CHARMM>    rename resid x20 sele segid B .and. resid 20 end
 SELRPN>     15 atoms have been selected out of    964
 FOR SEGMENT 'B   ', RESIDUE '20  ' IS RENAMED TO 'X20 '
  
 CHARMM>    ! 21 , 21
 CHARMM>    rename resid x21 sele segid B .and. resid 21 end
 SELRPN>     10 atoms have been selected out of    964
 FOR SEGMENT 'B   ', RESIDUE '21  ' IS RENAMED TO 'X21 '
  
 CHARMM>    ! 22 , 22
 CHARMM>    rename resid x22 sele segid B .and. resid 22 end
 SELRPN>     19 atoms have been selected out of    964
 FOR SEGMENT 'B   ', RESIDUE '22  ' IS RENAMED TO 'X22 '
  
 CHARMM>    ! 23 , 23
 CHARMM>    rename resid x23 sele segid B .and. resid 23 end
 SELRPN>     21 atoms have been selected out of    964
 FOR SEGMENT 'B   ', RESIDUE '23  ' IS RENAMED TO 'X23 '
  
 CHARMM>    ! 24 , 24
 CHARMM>    rename resid x24 sele segid B .and. resid 24 end
 SELRPN>     19 atoms have been selected out of    964
 FOR SEGMENT 'B   ', RESIDUE '24  ' IS RENAMED TO 'X24 '
  
 CHARMM>    ! 25 , 25
 CHARMM>    rename resid x25 sele segid B .and. resid 25 end
 SELRPN>     16 atoms have been selected out of    964
 FOR SEGMENT 'B   ', RESIDUE '25  ' IS RENAMED TO 'X25 '
  
 CHARMM>    ! 26 , 26
 CHARMM>    rename resid x26 sele segid B .and. resid 26 end
 SELRPN>     11 atoms have been selected out of    964
 FOR SEGMENT 'B   ', RESIDUE '26  ' IS RENAMED TO 'X26 '
  
 CHARMM>    ! 27 , 27
 CHARMM>    rename resid x27 sele segid B .and. resid 27 end
 SELRPN>      7 atoms have been selected out of    964
 FOR SEGMENT 'B   ', RESIDUE '27  ' IS RENAMED TO 'X27 '
  
 CHARMM>    ! 28 , 28
 CHARMM>    rename resid x28 sele segid B .and. resid 28 end
 SELRPN>     15 atoms have been selected out of    964
 FOR SEGMENT 'B   ', RESIDUE '28  ' IS RENAMED TO 'X28 '
  
 CHARMM>    ! 29 , 29
 CHARMM>    rename resid x29 sele segid B .and. resid 29 end
 SELRPN>     24 atoms have been selected out of    964
 FOR SEGMENT 'B   ', RESIDUE '29  ' IS RENAMED TO 'X29 '
  
 CHARMM>    ! 30 , 30
 CHARMM>    rename resid x30 sele segid B .and. resid 30 end
 SELRPN>      7 atoms have been selected out of    964
 FOR SEGMENT 'B   ', RESIDUE '30  ' IS RENAMED TO 'X30 '
  
 CHARMM>    ! 31 , 31
 CHARMM>    rename resid x31 sele segid B .and. resid 31 end
 SELRPN>     20 atoms have been selected out of    964
 FOR SEGMENT 'B   ', RESIDUE '31  ' IS RENAMED TO 'X31 '
  
 CHARMM>    ! 32 , 32
 CHARMM>    rename resid x32 sele segid B .and. resid 32 end
 SELRPN>     20 atoms have been selected out of    964
 FOR SEGMENT 'B   ', RESIDUE '32  ' IS RENAMED TO 'X32 '
  
 CHARMM>    ! 33 , 33
 CHARMM>    rename resid x33 sele segid B .and. resid 33 end
 SELRPN>     21 atoms have been selected out of    964
 FOR SEGMENT 'B   ', RESIDUE '33  ' IS RENAMED TO 'X33 '
  
 CHARMM>    ! 34 , 34
 CHARMM>    rename resid x34 sele segid B .and. resid 34 end
 SELRPN>     14 atoms have been selected out of    964
 FOR SEGMENT 'B   ', RESIDUE '34  ' IS RENAMED TO 'X34 '
  
 CHARMM>    ! 35 , 35
 CHARMM>    rename resid x35 sele segid B .and. resid 35 end
 SELRPN>     14 atoms have been selected out of    964
 FOR SEGMENT 'B   ', RESIDUE '35  ' IS RENAMED TO 'X35 '
  
 CHARMM>    ! 36 , 36
 CHARMM>    rename resid x36 sele segid B .and. resid 36 end
 SELRPN>     22 atoms have been selected out of    964
 FOR SEGMENT 'B   ', RESIDUE '36  ' IS RENAMED TO 'X36 '
  
 CHARMM>    ! 37 , 37
 CHARMM>    rename resid x37 sele segid B .and. resid 37 end
 SELRPN>     15 atoms have been selected out of    964
 FOR SEGMENT 'B   ', RESIDUE '37  ' IS RENAMED TO 'X37 '
  
 CHARMM>    ! First pass complete.
 CHARMM>     
  
 CHARMM>    ! Second pass .... re-assigning correct RESID
 CHARMM>    rename resid 1 sele segid B .and. resid x1 end
 SELRPN>     11 atoms have been selected out of    964
 FOR SEGMENT 'B   ', RESIDUE 'X1  ' IS RENAMED TO '1   '
  
 CHARMM>    rename resid 2 sele segid B .and. resid x2 end
 SELRPN>      7 atoms have been selected out of    964
 FOR SEGMENT 'B   ', RESIDUE 'X2  ' IS RENAMED TO '2   '
  
 CHARMM>    rename resid 3 sele segid B .and. resid x3 end
 SELRPN>     12 atoms have been selected out of    964
 FOR SEGMENT 'B   ', RESIDUE 'X3  ' IS RENAMED TO '3   '
  
 CHARMM>    rename resid 4 sele segid B .and. resid x4 end
 SELRPN>     12 atoms have been selected out of    964
 FOR SEGMENT 'B   ', RESIDUE 'X4  ' IS RENAMED TO '4   '
  
 CHARMM>    rename resid 5 sele segid B .and. resid x5 end
 SELRPN>     12 atoms have been selected out of    964
 FOR SEGMENT 'B   ', RESIDUE 'X5  ' IS RENAMED TO '5   '
  
 CHARMM>    rename resid 6 sele segid B .and. resid x6 end
 SELRPN>     12 atoms have been selected out of    964
 FOR SEGMENT 'B   ', RESIDUE 'X6  ' IS RENAMED TO '6   '
  
 CHARMM>    rename resid 7 sele segid B .and. resid x7 end
 SELRPN>     22 atoms have been selected out of    964
 FOR SEGMENT 'B   ', RESIDUE 'X7  ' IS RENAMED TO '7   '
  
 CHARMM>    rename resid 8 sele segid B .and. resid x8 end
 SELRPN>     20 atoms have been selected out of    964
 FOR SEGMENT 'B   ', RESIDUE 'X8  ' IS RENAMED TO '8   '
  
 CHARMM>    rename resid 9 sele segid B .and. resid x9 end
 SELRPN>     16 atoms have been selected out of    964
 FOR SEGMENT 'B   ', RESIDUE 'X9  ' IS RENAMED TO '9   '
  
 CHARMM>    rename resid 10 sele segid B .and. resid x10 end
 SELRPN>     14 atoms have been selected out of    964
 FOR SEGMENT 'B   ', RESIDUE 'X10 ' IS RENAMED TO '10  '
  
 CHARMM>    rename resid 11 sele segid B .and. resid x11 end
 SELRPN>     17 atoms have been selected out of    964
 FOR SEGMENT 'B   ', RESIDUE 'X11 ' IS RENAMED TO '11  '
  
 CHARMM>    rename resid 12 sele segid B .and. resid x12 end
 SELRPN>     17 atoms have been selected out of    964
 FOR SEGMENT 'B   ', RESIDUE 'X12 ' IS RENAMED TO '12  '
  
 CHARMM>    rename resid 13 sele segid B .and. resid x13 end
 SELRPN>     19 atoms have been selected out of    964
 FOR SEGMENT 'B   ', RESIDUE 'X13 ' IS RENAMED TO '13  '
  
 CHARMM>    rename resid 14 sele segid B .and. resid x14 end
 SELRPN>     11 atoms have been selected out of    964
 FOR SEGMENT 'B   ', RESIDUE 'X14 ' IS RENAMED TO '14  '
  
 CHARMM>    rename resid 15 sele segid B .and. resid x15 end
 SELRPN>      7 atoms have been selected out of    964
 FOR SEGMENT 'B   ', RESIDUE 'X15 ' IS RENAMED TO '15  '
  
 CHARMM>    rename resid 16 sele segid B .and. resid x16 end
 SELRPN>     11 atoms have been selected out of    964
 FOR SEGMENT 'B   ', RESIDUE 'X16 ' IS RENAMED TO '16  '
  
 CHARMM>    rename resid 17 sele segid B .and. resid x17 end
 SELRPN>     17 atoms have been selected out of    964
 FOR SEGMENT 'B   ', RESIDUE 'X17 ' IS RENAMED TO '17  '
  
 CHARMM>    rename resid 18 sele segid B .and. resid x18 end
 SELRPN>     19 atoms have been selected out of    964
 FOR SEGMENT 'B   ', RESIDUE 'X18 ' IS RENAMED TO '18  '
  
 CHARMM>    rename resid 19 sele segid B .and. resid x19 end
 SELRPN>     16 atoms have been selected out of    964
 FOR SEGMENT 'B   ', RESIDUE 'X19 ' IS RENAMED TO '19  '
  
 CHARMM>    rename resid 20 sele segid B .and. resid x20 end
 SELRPN>     15 atoms have been selected out of    964
 FOR SEGMENT 'B   ', RESIDUE 'X20 ' IS RENAMED TO '20  '
  
 CHARMM>    rename resid 21 sele segid B .and. resid x21 end
 SELRPN>     10 atoms have been selected out of    964
 FOR SEGMENT 'B   ', RESIDUE 'X21 ' IS RENAMED TO '21  '
  
 CHARMM>    rename resid 22 sele segid B .and. resid x22 end
 SELRPN>     19 atoms have been selected out of    964
 FOR SEGMENT 'B   ', RESIDUE 'X22 ' IS RENAMED TO '22  '
  
 CHARMM>    rename resid 23 sele segid B .and. resid x23 end
 SELRPN>     21 atoms have been selected out of    964
 FOR SEGMENT 'B   ', RESIDUE 'X23 ' IS RENAMED TO '23  '
  
 CHARMM>    rename resid 24 sele segid B .and. resid x24 end
 SELRPN>     19 atoms have been selected out of    964
 FOR SEGMENT 'B   ', RESIDUE 'X24 ' IS RENAMED TO '24  '
  
 CHARMM>    rename resid 25 sele segid B .and. resid x25 end
 SELRPN>     16 atoms have been selected out of    964
 FOR SEGMENT 'B   ', RESIDUE 'X25 ' IS RENAMED TO '25  '
  
 CHARMM>    rename resid 26 sele segid B .and. resid x26 end
 SELRPN>     11 atoms have been selected out of    964
 FOR SEGMENT 'B   ', RESIDUE 'X26 ' IS RENAMED TO '26  '
  
 CHARMM>    rename resid 27 sele segid B .and. resid x27 end
 SELRPN>      7 atoms have been selected out of    964
 FOR SEGMENT 'B   ', RESIDUE 'X27 ' IS RENAMED TO '27  '
  
 CHARMM>    rename resid 28 sele segid B .and. resid x28 end
 SELRPN>     15 atoms have been selected out of    964
 FOR SEGMENT 'B   ', RESIDUE 'X28 ' IS RENAMED TO '28  '
  
 CHARMM>    rename resid 29 sele segid B .and. resid x29 end
 SELRPN>     24 atoms have been selected out of    964
 FOR SEGMENT 'B   ', RESIDUE 'X29 ' IS RENAMED TO '29  '
  
 CHARMM>    rename resid 30 sele segid B .and. resid x30 end
 SELRPN>      7 atoms have been selected out of    964
 FOR SEGMENT 'B   ', RESIDUE 'X30 ' IS RENAMED TO '30  '
  
 CHARMM>    rename resid 31 sele segid B .and. resid x31 end
 SELRPN>     20 atoms have been selected out of    964
 FOR SEGMENT 'B   ', RESIDUE 'X31 ' IS RENAMED TO '31  '
  
 CHARMM>    rename resid 32 sele segid B .and. resid x32 end
 SELRPN>     20 atoms have been selected out of    964
 FOR SEGMENT 'B   ', RESIDUE 'X32 ' IS RENAMED TO '32  '
  
 CHARMM>    rename resid 33 sele segid B .and. resid x33 end
 SELRPN>     21 atoms have been selected out of    964
 FOR SEGMENT 'B   ', RESIDUE 'X33 ' IS RENAMED TO '33  '
  
 CHARMM>    rename resid 34 sele segid B .and. resid x34 end
 SELRPN>     14 atoms have been selected out of    964
 FOR SEGMENT 'B   ', RESIDUE 'X34 ' IS RENAMED TO '34  '
  
 CHARMM>    rename resid 35 sele segid B .and. resid x35 end
 SELRPN>     14 atoms have been selected out of    964
 FOR SEGMENT 'B   ', RESIDUE 'X35 ' IS RENAMED TO '35  '
  
 CHARMM>    rename resid 36 sele segid B .and. resid x36 end
 SELRPN>     22 atoms have been selected out of    964
 FOR SEGMENT 'B   ', RESIDUE 'X36 ' IS RENAMED TO '36  '
  
 CHARMM>    rename resid 37 sele segid B .and. resid x37 end
 SELRPN>     15 atoms have been selected out of    964
 FOR SEGMENT 'B   ', RESIDUE 'X37 ' IS RENAMED TO '37  '
  
 CHARMM>    ! Second pass complete.
 CHARMM>     
  
 CHARMM>    ! End of generated script
 VCLOSE: Closing unit   99 with status "KEEP"

                    RETURNING TO INPUT STREAM     5
  
 CHARMM>     
  
 CHARMM>    !patch disu A 6 A 11 setup sort warn
 CHARMM>    !patch disu A 7 B 7 sort warn
 CHARMM>    !patch disu A 20 B 19 sort warn
 CHARMM>     
  
 CHARMM>    scalar wmain = charge
  
 CHARMM>     
  
 CHARMM>    open write unit 1 card name 2hiu_1rr.psf
 VOPEN> Attempting to open::2hiu_1rr.psf::
 OPNLGU> Unit  1 opened for WRITE access to 2hiu_1rr.psf
  
 CHARMM>    write psf card unit 1
 RDTITL>  
 RDTITL> No title read.
  
 CHARMM>     
  
 CHARMM>    open write unit 1 card name 2hiu_1rr.ic
 OPNLGU> Unit already open. The old file will be closed first.
 VCLOSE: Closing unit    1 with status "KEEP"
 VOPEN> Attempting to open::2hiu_1rr.ic::
 OPNLGU> Unit  1 opened for WRITE access to 2hiu_1rr.ic
  
 CHARMM>    write ic card unit 1
 RDTITL>  
 RDTITL> No title read.
 INTERNAL COORDINATES WRITTEN TO UNIT  1
 VCLOSE: Closing unit    1 with status "KEEP"
  
 CHARMM>     
  
 CHARMM>    open read unit 1 card name 2hiu_1r.crd
 VOPEN> Attempting to open::2hiu_1r.crd::
 OPNLGU> Unit  1 opened for READONLY access to 2hiu_1r.crd
  
 CHARMM>    read coor card unit 1 resid
          SPATIAL COORDINATES BEING READ FROM UNIT  1
 TITLE> * CRD GENERATED WITH FIXED HS
 TITLE> * NAME: NN
 TITLE> * TITLE: NEW MOLECULE GENERATED BY PDB_PREPARATION.PY
 TITLE> *
 ** WARNING ** After reading, there are no coordinates for selected atom:    90     8 GLY  HN  
 ** WARNING ** After reading, there are no coordinates for selected atom:   171    13 CYS  HG1 
 ** WARNING ** After reading, there are no coordinates for selected atom:   182    14 CYS  HG1 
 ** WARNING ** After reading, there are no coordinates for selected atom:   237    18 CYS  HG1 
 ** WARNING ** After reading, there are no coordinates for selected atom:   385    27 CYS  HG1 
 ** WARNING ** After reading, there are no coordinates for selected atom:   492    36 PHE  HN  
 ** WARNING ** After reading, there are no coordinates for selected atom:   559    40 HSD  HN  
 ** WARNING ** After reading, there are no coordinates for selected atom:   563    40 HSD  HB1 
 ** WARNING ** After reading, there are no coordinates for selected atom:   602    42 CYS  HG1 
 ** WARNING ** After reading, there are no coordinates for selected atom:   624    45 HSD  HN  

 ** A total of    12 selected atoms have no coordinates
 *** LEVEL  2 WARNING *** BOMLEV IS    0
  
 CHARMM>    close unit 1
 VCLOSE: Closing unit    1 with status "KEEP"
  
 CHARMM>     
  
 CHARMM>    bomlev -2
  
 CHARMM>     
  
 CHARMM>    ! Check for and build in missing heavy atoms
 CHARMM>    ! Build is donewq into default geometry from parameter file.
 CHARMM>    ! ==========================================
 CHARMM>     
  
 CHARMM>    define missing1 sele .not. ( init .or. hydrogen ) end
 SELRPN>      0 atoms have been selected out of    964
  
 CHARMM>    if ?nsel ne 0 print coor sele .not. ( init .or. hydrogen ) end
 RDCMND substituted energy or value "?NSEL" to "0"
 Comparing "0" and "0".
 IF test evaluated as false.  Skipping command
  
 CHARMM>     
  
 CHARMM>    ic param
  
 CHARMM>    ic fill preserve
  
 CHARMM>    ic build
  
 CHARMM>     
  
 CHARMM>    define missing2 sele .not. ( init .or. hydrogen ) end
 SELRPN>      0 atoms have been selected out of    964
  
 CHARMM>    if ?nsel ne 0 print coor sele .not. ( init .or. hydrogen ) end
 RDCMND substituted energy or value "?NSEL" to "0"
 Comparing "0" and "0".
 IF test evaluated as false.  Skipping command
  
 CHARMM>     
  
 CHARMM>    ! Build hydrogens
 CHARMM>    ! Default parameters are rdiel of 4, with no cutoffs.
 CHARMM>    ! ===================================================
 CHARMM>     
  
 CHARMM>    hbuild sele hydrogen end -
 CHARMM>      elec atom rdiel switch eps 2 -
 CHARMM>      vdw vatom vswitch -
 CHARMM>      cutnb 999 ctofnb 998 ctonnb 997 wmin 1.5 -
 CHARMM>      e14fac 1 nbxmod 5
 SELRPN>    457 atoms have been selected out of    964
 PRNHBD: CUToff Hydrogen Bond  distance =    0.5000   Angle =   90.0000
         CuT switching ON HB dist. =     3.5000  OFf HB dist. =    4.0000
         CuT switching ON Hb Angle =    50.0000  OFf Hb Angle =   70.0000
         ACCEptor antecedents included
         All hydrogen bonds for each hydrogen will be found
         Hydrogen bonds between excluded atoms will be kept


 NONBOND OPTION FLAGS: 
     ELEC     VDW      ATOMs    RDIElec  SWITch   VATOm    VSWItch 
     BYGRoup  NOEXtnd  NOEWald 
 CUTNB  =999.000 CTEXNB =999.000 CTONNB =997.000 CTOFNB =998.000
 CGONNB =  0.000 CGOFNB = 10.000
 WMIN   =  1.500 WRNMXD =  0.500 E14FAC =  1.000 EPS    =  2.000
 NBXMOD =      5
 There are        0 atom  pairs and        0 atom  exclusions.
 There are        0 group pairs and        0 group exclusions.
 <MAKINB> with mode   5 found   2704 exclusions and   2503 interactions(1-4)
 <MAKGRP> found    871 group exclusions.

 CUToff Hydrogen Bond  distance =    0.5000           Angle =   90.0000
 CuT switching ON HB dist. =     3.5000 OFf HB dist. =    4.0000
 CuT switching ON Hb Angle =    50.0000 OFf Hb Angle =   70.0000
 ACCEptor antecedents included
 dihedral PHI STePs for spin =   10.0000
 cutoff for water acceptor search CUTWat=    7.5000

 Place: HA  ,    ,    , constructed for donor A    1    SER  CA  .
 Place: HB1 ,HB2 ,    , constructed for donor A    1    SER  CB  .
 Place: HN  ,    ,    , constructed for donor A    2    GLY  N   .
 Place: HA1 ,HA2 ,    , constructed for donor A    2    GLY  CA  .
 Place: HN  ,    ,    , constructed for donor A    3    ASP  N   .
 Place: HA  ,    ,    , constructed for donor A    3    ASP  CA  .
 Place: HB1 ,HB2 ,    , constructed for donor A    3    ASP  CB  .
 Place: HN  ,    ,    , constructed for donor A    4    ASP  N   .
 Place: HA  ,    ,    , constructed for donor A    4    ASP  CA  .
 Place: HB1 ,HB2 ,    , constructed for donor A    4    ASP  CB  .
 Place: HN  ,    ,    , constructed for donor A    5    ASP  N   .
 Place: HA  ,    ,    , constructed for donor A    5    ASP  CA  .
 Place: HB1 ,HB2 ,    , constructed for donor A    5    ASP  CB  .
 Place: HN  ,    ,    , constructed for donor A    6    ASP  N   .
 Place: HA  ,    ,    , constructed for donor A    6    ASP  CA  .
 Place: HB1 ,HB2 ,    , constructed for donor A    6    ASP  CB  .
 Place: HN  ,    ,    , constructed for donor A    7    LYS  N   .
 Place: HA  ,    ,    , constructed for donor A    7    LYS  CA  .
 Place: HB1 ,HB2 ,    , constructed for donor A    7    LYS  CB  .
 Place: HG1 ,HG2 ,    , constructed for donor A    7    LYS  CG  .
 Place: HD1 ,HD2 ,    , constructed for donor A    7    LYS  CD  .
 Place: HE1 ,HE2 ,    , constructed for donor A    7    LYS  CE  .
 Place: HN  ,    ,    , constructed for donor A    8    GLY  N   .
 Place: HA1 ,HA2 ,    , constructed for donor A    8    GLY  CA  .
 Place: HN  ,    ,    , constructed for donor A    9    ILE  N   .
 Place: HA  ,    ,    , constructed for donor A    9    ILE  CA  .
 Place: HB  ,    ,    , constructed for donor A    9    ILE  CB  .
 Place: HG11,HG12,    , constructed for donor A    9    ILE  CG1 .
 Place: HN  ,    ,    , constructed for donor A    10   VAL  N   .
 Place: HA  ,    ,    , constructed for donor A    10   VAL  CA  .
 Place: HB  ,    ,    , constructed for donor A    10   VAL  CB  .
 Place: HN  ,    ,    , constructed for donor A    11   GLU  N   .
 Place: HA  ,    ,    , constructed for donor A    11   GLU  CA  .
 Place: HB1 ,HB2 ,    , constructed for donor A    11   GLU  CB  .
 Place: HG1 ,HG2 ,    , constructed for donor A    11   GLU  CG  .
 Place: HN  ,    ,    , constructed for donor A    12   GLN  N   .
 Place: HA  ,    ,    , constructed for donor A    12   GLN  CA  .
 Place: HB1 ,HB2 ,    , constructed for donor A    12   GLN  CB  .
 Place: HG1 ,HG2 ,    , constructed for donor A    12   GLN  CG  .
 Place: HN  ,    ,    , constructed for donor A    13   CYS  N   .
 Place: HA  ,    ,    , constructed for donor A    13   CYS  CA  .
 Place: HB1 ,HB2 ,    , constructed for donor A    13   CYS  CB  .
 Place: HN  ,    ,    , constructed for donor A    14   CYS  N   .
 Place: HA  ,    ,    , constructed for donor A    14   CYS  CA  .
 Place: HB1 ,HB2 ,    , constructed for donor A    14   CYS  CB  .
 Place: HN  ,    ,    , constructed for donor A    15   THR  N   .
 Place: HA  ,    ,    , constructed for donor A    15   THR  CA  .
 Place: HB  ,    ,    , constructed for donor A    15   THR  CB  .
 Place: HN  ,    ,    , constructed for donor A    16   SER  N   .
 Place: HA  ,    ,    , constructed for donor A    16   SER  CA  .
 Place: HB1 ,HB2 ,    , constructed for donor A    16   SER  CB  .
 Place: HN  ,    ,    , constructed for donor A    17   ILE  N   .
 Place: HA  ,    ,    , constructed for donor A    17   ILE  CA  .
 Place: HB  ,    ,    , constructed for donor A    17   ILE  CB  .
 Place: HG11,HG12,    , constructed for donor A    17   ILE  CG1 .
 Place: HN  ,    ,    , constructed for donor A    18   CYS  N   .
 Place: HA  ,    ,    , constructed for donor A    18   CYS  CA  .
 Place: HB1 ,HB2 ,    , constructed for donor A    18   CYS  CB  .
 Place: HN  ,    ,    , constructed for donor A    19   SER  N   .
 Place: HA  ,    ,    , constructed for donor A    19   SER  CA  .
 Place: HB1 ,HB2 ,    , constructed for donor A    19   SER  CB  .
 Place: HN  ,    ,    , constructed for donor A    20   LEU  N   .
 Place: HA  ,    ,    , constructed for donor A    20   LEU  CA  .
 Place: HB1 ,HB2 ,    , constructed for donor A    20   LEU  CB  .
 Place: HG  ,    ,    , constructed for donor A    20   LEU  CG  .
 Place: HN  ,    ,    , constructed for donor A    21   TYR  N   .
 Place: HA  ,    ,    , constructed for donor A    21   TYR  CA  .
 Place: HB1 ,HB2 ,    , constructed for donor A    21   TYR  CB  .
 Place: HD1 ,    ,    , constructed for donor A    21   TYR  CD1 .
 Place: HE1 ,    ,    , constructed for donor A    21   TYR  CE1 .
 Place: HD2 ,    ,    , constructed for donor A    21   TYR  CD2 .
 Place: HE2 ,    ,    , constructed for donor A    21   TYR  CE2 .
 Place: HN  ,    ,    , constructed for donor A    22   GLN  N   .
 Place: HA  ,    ,    , constructed for donor A    22   GLN  CA  .
 Place: HB1 ,HB2 ,    , constructed for donor A    22   GLN  CB  .
 Place: HG1 ,HG2 ,    , constructed for donor A    22   GLN  CG  .
 Place: HN  ,    ,    , constructed for donor A    23   LEU  N   .
 Place: HA  ,    ,    , constructed for donor A    23   LEU  CA  .
 Place: HB1 ,HB2 ,    , constructed for donor A    23   LEU  CB  .
 Place: HG  ,    ,    , constructed for donor A    23   LEU  CG  .
 Place: HN  ,    ,    , constructed for donor A    24   GLU  N   .
 Place: HA  ,    ,    , constructed for donor A    24   GLU  CA  .
 Place: HB1 ,HB2 ,    , constructed for donor A    24   GLU  CB  .
 Place: HG1 ,HG2 ,    , constructed for donor A    24   GLU  CG  .
 Place: HN  ,    ,    , constructed for donor A    25   ASN  N   .
 Place: HA  ,    ,    , constructed for donor A    25   ASN  CA  .
 Place: HB1 ,HB2 ,    , constructed for donor A    25   ASN  CB  .
 Place: HN  ,    ,    , constructed for donor A    26   TYR  N   .
 Place: HA  ,    ,    , constructed for donor A    26   TYR  CA  .
 Place: HB1 ,HB2 ,    , constructed for donor A    26   TYR  CB  .
 Place: HD1 ,    ,    , constructed for donor A    26   TYR  CD1 .
 Place: HE1 ,    ,    , constructed for donor A    26   TYR  CE1 .
 Place: HD2 ,    ,    , constructed for donor A    26   TYR  CD2 .
 Place: HE2 ,    ,    , constructed for donor A    26   TYR  CE2 .
 Place: HN  ,    ,    , constructed for donor A    27   CYS  N   .
 Place: HA  ,    ,    , constructed for donor A    27   CYS  CA  .
 Place: HB1 ,HB2 ,    , constructed for donor A    27   CYS  CB  .
 Place: HN  ,    ,    , constructed for donor A    28   ASN  N   .
 Place: HA  ,    ,    , constructed for donor A    28   ASN  CA  .
 Place: HB1 ,HB2 ,    , constructed for donor A    28   ASN  CB  .
 Place: HA  ,    ,    , constructed for donor B    1    SER  CA  .
 Place: HB1 ,HB2 ,    , constructed for donor B    1    SER  CB  .
 Place: HN  ,    ,    , constructed for donor B    2    GLY  N   .
 Place: HA1 ,HA2 ,    , constructed for donor B    2    GLY  CA  .
 Place: HN  ,    ,    , constructed for donor B    3    ASP  N   .
 Place: HA  ,    ,    , constructed for donor B    3    ASP  CA  .
 Place: HB1 ,HB2 ,    , constructed for donor B    3    ASP  CB  .
 Place: HN  ,    ,    , constructed for donor B    4    ASP  N   .
 Place: HA  ,    ,    , constructed for donor B    4    ASP  CA  .
 Place: HB1 ,HB2 ,    , constructed for donor B    4    ASP  CB  .
 Place: HN  ,    ,    , constructed for donor B    5    ASP  N   .
 Place: HA  ,    ,    , constructed for donor B    5    ASP  CA  .
 Place: HB1 ,HB2 ,    , constructed for donor B    5    ASP  CB  .
 Place: HN  ,    ,    , constructed for donor B    6    ASP  N   .
 Place: HA  ,    ,    , constructed for donor B    6    ASP  CA  .
 Place: HB1 ,HB2 ,    , constructed for donor B    6    ASP  CB  .
 Place: HN  ,    ,    , constructed for donor B    7    LYS  N   .
 Place: HA  ,    ,    , constructed for donor B    7    LYS  CA  .
 Place: HB1 ,HB2 ,    , constructed for donor B    7    LYS  CB  .
 Place: HG1 ,HG2 ,    , constructed for donor B    7    LYS  CG  .
 Place: HD1 ,HD2 ,    , constructed for donor B    7    LYS  CD  .
 Place: HE1 ,HE2 ,    , constructed for donor B    7    LYS  CE  .
 Place: HN  ,    ,    , constructed for donor B    8    PHE  N   .
 Place: HA  ,    ,    , constructed for donor B    8    PHE  CA  .
 Place: HB1 ,HB2 ,    , constructed for donor B    8    PHE  CB  .
 Place: HD1 ,    ,    , constructed for donor B    8    PHE  CD1 .
 Place: HE1 ,    ,    , constructed for donor B    8    PHE  CE1 .
 Place: HZ  ,    ,    , constructed for donor B    8    PHE  CZ  .
 Place: HD2 ,    ,    , constructed for donor B    8    PHE  CD2 .
 Place: HE2 ,    ,    , constructed for donor B    8    PHE  CE2 .
 Place: HN  ,    ,    , constructed for donor B    9    VAL  N   .
 Place: HA  ,    ,    , constructed for donor B    9    VAL  CA  .
 Place: HB  ,    ,    , constructed for donor B    9    VAL  CB  .
 Place: HN  ,    ,    , constructed for donor B    10   ASN  N   .
 Place: HA  ,    ,    , constructed for donor B    10   ASN  CA  .
 Place: HB1 ,HB2 ,    , constructed for donor B    10   ASN  CB  .
 Place: HN  ,    ,    , constructed for donor B    11   GLN  N   .
 Place: HA  ,    ,    , constructed for donor B    11   GLN  CA  .
 Place: HB1 ,HB2 ,    , constructed for donor B    11   GLN  CB  .
 Place: HG1 ,HG2 ,    , constructed for donor B    11   GLN  CG  .
 Place: HN  ,    ,    , constructed for donor B    12   HSD  N   .
 Place: HA  ,    ,    , constructed for donor B    12   HSD  CA  .
 Place: HB1 ,HB2 ,    , constructed for donor B    12   HSD  CB  .
 Place: HD1 ,    ,    , constructed for donor B    12   HSD  ND1 .
 Place: HE1 ,    ,    , constructed for donor B    12   HSD  CE1 .
 Place: HD2 ,    ,    , constructed for donor B    12   HSD  CD2 .
 Place: HN  ,    ,    , constructed for donor B    13   LEU  N   .
 Place: HA  ,    ,    , constructed for donor B    13   LEU  CA  .
 Place: HB1 ,HB2 ,    , constructed for donor B    13   LEU  CB  .
 Place: HG  ,    ,    , constructed for donor B    13   LEU  CG  .
 Place: HN  ,    ,    , constructed for donor B    14   CYS  N   .
 Place: HA  ,    ,    , constructed for donor B    14   CYS  CA  .
 Place: HB1 ,HB2 ,    , constructed for donor B    14   CYS  CB  .
 Place: HN  ,    ,    , constructed for donor B    15   GLY  N   .
 Place: HA1 ,HA2 ,    , constructed for donor B    15   GLY  CA  .
 Place: HN  ,    ,    , constructed for donor B    16   SER  N   .
 Place: HA  ,    ,    , constructed for donor B    16   SER  CA  .
 Place: HB1 ,HB2 ,    , constructed for donor B    16   SER  CB  .
 Place: HN  ,    ,    , constructed for donor B    17   HSD  N   .
 Place: HA  ,    ,    , constructed for donor B    17   HSD  CA  .
 Place: HB1 ,HB2 ,    , constructed for donor B    17   HSD  CB  .
 Place: HD1 ,    ,    , constructed for donor B    17   HSD  ND1 .
 Place: HE1 ,    ,    , constructed for donor B    17   HSD  CE1 .
 Place: HD2 ,    ,    , constructed for donor B    17   HSD  CD2 .
 Place: HN  ,    ,    , constructed for donor B    18   LEU  N   .
 Place: HA  ,    ,    , constructed for donor B    18   LEU  CA  .
 Place: HB1 ,HB2 ,    , constructed for donor B    18   LEU  CB  .
 Place: HG  ,    ,    , constructed for donor B    18   LEU  CG  .
 Place: HN  ,    ,    , constructed for donor B    19   VAL  N   .
 Place: HA  ,    ,    , constructed for donor B    19   VAL  CA  .
 Place: HB  ,    ,    , constructed for donor B    19   VAL  CB  .
 Place: HN  ,    ,    , constructed for donor B    20   GLU  N   .
 Place: HA  ,    ,    , constructed for donor B    20   GLU  CA  .
 Place: HB1 ,HB2 ,    , constructed for donor B    20   GLU  CB  .
 Place: HG1 ,HG2 ,    , constructed for donor B    20   GLU  CG  .
 Place: HN  ,    ,    , constructed for donor B    21   ALA  N   .
 Place: HA  ,    ,    , constructed for donor B    21   ALA  CA  .
 Place: HN  ,    ,    , constructed for donor B    22   LEU  N   .
 Place: HA  ,    ,    , constructed for donor B    22   LEU  CA  .
 Place: HB1 ,HB2 ,    , constructed for donor B    22   LEU  CB  .
 Place: HG  ,    ,    , constructed for donor B    22   LEU  CG  .
 Place: HN  ,    ,    , constructed for donor B    23   TYR  N   .
 Place: HA  ,    ,    , constructed for donor B    23   TYR  CA  .
 Place: HB1 ,HB2 ,    , constructed for donor B    23   TYR  CB  .
 Place: HD1 ,    ,    , constructed for donor B    23   TYR  CD1 .
 Place: HE1 ,    ,    , constructed for donor B    23   TYR  CE1 .
 Place: HD2 ,    ,    , constructed for donor B    23   TYR  CD2 .
 Place: HE2 ,    ,    , constructed for donor B    23   TYR  CE2 .
 Place: HN  ,    ,    , constructed for donor B    24   LEU  N   .
 Place: HA  ,    ,    , constructed for donor B    24   LEU  CA  .
 Place: HB1 ,HB2 ,    , constructed for donor B    24   LEU  CB  .
 Place: HG  ,    ,    , constructed for donor B    24   LEU  CG  .
 Place: HN  ,    ,    , constructed for donor B    25   VAL  N   .
 Place: HA  ,    ,    , constructed for donor B    25   VAL  CA  .
 Place: HB  ,    ,    , constructed for donor B    25   VAL  CB  .
 Place: HN  ,    ,    , constructed for donor B    26   CYS  N   .
 Place: HA  ,    ,    , constructed for donor B    26   CYS  CA  .
 Place: HB1 ,HB2 ,    , constructed for donor B    26   CYS  CB  .
 Place: HN  ,    ,    , constructed for donor B    27   GLY  N   .
 Place: HA1 ,HA2 ,    , constructed for donor B    27   GLY  CA  .
 Place: HN  ,    ,    , constructed for donor B    28   GLU  N   .
 Place: HA  ,    ,    , constructed for donor B    28   GLU  CA  .
 Place: HB1 ,HB2 ,    , constructed for donor B    28   GLU  CB  .
 Place: HG1 ,HG2 ,    , constructed for donor B    28   GLU  CG  .
 Place: HN  ,    ,    , constructed for donor B    29   ARG  N   .
 Place: HA  ,    ,    , constructed for donor B    29   ARG  CA  .
 Place: HB1 ,HB2 ,    , constructed for donor B    29   ARG  CB  .
 Place: HG1 ,HG2 ,    , constructed for donor B    29   ARG  CG  .
 Place: HD1 ,HD2 ,    , constructed for donor B    29   ARG  CD  .
 Place: HE  ,    ,    , constructed for donor B    29   ARG  NE  .
 Place: HN  ,    ,    , constructed for donor B    30   GLY  N   .
 Place: HA1 ,HA2 ,    , constructed for donor B    30   GLY  CA  .
 Place: HN  ,    ,    , constructed for donor B    31   PHE  N   .
 Place: HA  ,    ,    , constructed for donor B    31   PHE  CA  .
 Place: HB1 ,HB2 ,    , constructed for donor B    31   PHE  CB  .
 Place: HD1 ,    ,    , constructed for donor B    31   PHE  CD1 .
 Place: HE1 ,    ,    , constructed for donor B    31   PHE  CE1 .
 Place: HZ  ,    ,    , constructed for donor B    31   PHE  CZ  .
 Place: HD2 ,    ,    , constructed for donor B    31   PHE  CD2 .
 Place: HE2 ,    ,    , constructed for donor B    31   PHE  CE2 .
 Place: HN  ,    ,    , constructed for donor B    32   PHE  N   .
 Place: HA  ,    ,    , constructed for donor B    32   PHE  CA  .
 Place: HB1 ,HB2 ,    , constructed for donor B    32   PHE  CB  .
 Place: HD1 ,    ,    , constructed for donor B    32   PHE  CD1 .
 Place: HE1 ,    ,    , constructed for donor B    32   PHE  CE1 .
 Place: HZ  ,    ,    , constructed for donor B    32   PHE  CZ  .
 Place: HD2 ,    ,    , constructed for donor B    32   PHE  CD2 .
 Place: HE2 ,    ,    , constructed for donor B    32   PHE  CE2 .
 Place: HN  ,    ,    , constructed for donor B    33   TYR  N   .
 Place: HA  ,    ,    , constructed for donor B    33   TYR  CA  .
 Place: HB1 ,HB2 ,    , constructed for donor B    33   TYR  CB  .
 Place: HD1 ,    ,    , constructed for donor B    33   TYR  CD1 .
 Place: HE1 ,    ,    , constructed for donor B    33   TYR  CE1 .
 Place: HD2 ,    ,    , constructed for donor B    33   TYR  CD2 .
 Place: HE2 ,    ,    , constructed for donor B    33   TYR  CE2 .
 Place: HN  ,    ,    , constructed for donor B    34   THR  N   .
 Place: HA  ,    ,    , constructed for donor B    34   THR  CA  .
 Place: HB  ,    ,    , constructed for donor B    34   THR  CB  .
 Place: HD1 ,HD2 ,    , constructed for donor B    35   PRO  CD  .
 Place: HA  ,    ,    , constructed for donor B    35   PRO  CA  .
 Place: HB1 ,HB2 ,    , constructed for donor B    35   PRO  CB  .
 Place: HG1 ,HG2 ,    , constructed for donor B    35   PRO  CG  .
 Place: HN  ,    ,    , constructed for donor B    36   LYS  N   .
 Place: HA  ,    ,    , constructed for donor B    36   LYS  CA  .
 Place: HB1 ,HB2 ,    , constructed for donor B    36   LYS  CB  .
 Place: HG1 ,HG2 ,    , constructed for donor B    36   LYS  CG  .
 Place: HD1 ,HD2 ,    , constructed for donor B    36   LYS  CD  .
 Place: HE1 ,HE2 ,    , constructed for donor B    36   LYS  CE  .
 Place: HN  ,    ,    , constructed for donor B    37   THR  N   .
 Place: HA  ,    ,    , constructed for donor B    37   THR  CA  .
 Place: HB  ,    ,    , constructed for donor B    37   THR  CB  .

 NBONDX:       961 atom and      0 group interactions within999.00 A.
 Spin: HN  ,    ,    , constructed for donor A    1    SER  N   .

 NBONDX:       961 atom and      0 group interactions within999.00 A.
 Spin: HG1 ,    ,    , constructed for donor A    1    SER  OG  .

 NBONDX:      2877 atom and      0 group interactions within999.00 A.
 Spin: HZ1 ,HZ2 ,HZ3 , constructed for donor A    7    LYS  NZ  .

 NBONDX:      2877 atom and      0 group interactions within999.00 A.
 Spin: HG21,HG22,HG23, constructed for donor A    9    ILE  CG2 .

 NBONDX:      2877 atom and      0 group interactions within999.00 A.
 Spin: HD1 ,HD2 ,HD3 , constructed for donor A    9    ILE  CD  .

 NBONDX:      2877 atom and      0 group interactions within999.00 A.
 Spin: HG11,HG12,HG13, constructed for donor A    10   VAL  CG1 .

 NBONDX:      2877 atom and      0 group interactions within999.00 A.
 Spin: HG21,HG22,HG23, constructed for donor A    10   VAL  CG2 .

 NBONDX:      1920 atom and      0 group interactions within999.00 A.
 Spin: HE21,HE22,    , constructed for donor A    12   GLN  NE2 .

 NBONDX:       961 atom and      0 group interactions within999.00 A.
 Spin: HG1 ,    ,    , constructed for donor A    13   CYS  SG  .

 NBONDX:       961 atom and      0 group interactions within999.00 A.
 Spin: HG1 ,    ,    , constructed for donor A    14   CYS  SG  .

 NBONDX:       961 atom and      0 group interactions within999.00 A.
 Spin: HG1 ,    ,    , constructed for donor A    15   THR  OG1 .

 NBONDX:      2877 atom and      0 group interactions within999.00 A.
 Spin: HG21,HG22,HG23, constructed for donor A    15   THR  CG2 .

 NBONDX:       961 atom and      0 group interactions within999.00 A.
 Spin: HG1 ,    ,    , constructed for donor A    16   SER  OG  .

 NBONDX:      2877 atom and      0 group interactions within999.00 A.
 Spin: HG21,HG22,HG23, constructed for donor A    17   ILE  CG2 .

 NBONDX:      2877 atom and      0 group interactions within999.00 A.
 Spin: HD1 ,HD2 ,HD3 , constructed for donor A    17   ILE  CD  .

 NBONDX:       961 atom and      0 group interactions within999.00 A.
 Spin: HG1 ,    ,    , constructed for donor A    18   CYS  SG  .

 NBONDX:       961 atom and      0 group interactions within999.00 A.
 Spin: HG1 ,    ,    , constructed for donor A    19   SER  OG  .

 NBONDX:      2877 atom and      0 group interactions within999.00 A.
 Spin: HD11,HD12,HD13, constructed for donor A    20   LEU  CD1 .

 NBONDX:      2877 atom and      0 group interactions within999.00 A.
 Spin: HD21,HD22,HD23, constructed for donor A    20   LEU  CD2 .

 NBONDX:       961 atom and      0 group interactions within999.00 A.
 Spin: HH  ,    ,    , constructed for donor A    21   TYR  OH  .

 NBONDX:      1920 atom and      0 group interactions within999.00 A.
 Spin: HE21,HE22,    , constructed for donor A    22   GLN  NE2 .

 NBONDX:      2877 atom and      0 group interactions within999.00 A.
 Spin: HD11,HD12,HD13, constructed for donor A    23   LEU  CD1 .

 NBONDX:      2877 atom and      0 group interactions within999.00 A.
 Spin: HD21,HD22,HD23, constructed for donor A    23   LEU  CD2 .

 NBONDX:      1920 atom and      0 group interactions within999.00 A.
 Spin: HD21,HD22,    , constructed for donor A    25   ASN  ND2 .

 NBONDX:       961 atom and      0 group interactions within999.00 A.
 Spin: HH  ,    ,    , constructed for donor A    26   TYR  OH  .

 NBONDX:       961 atom and      0 group interactions within999.00 A.
 Spin: HG1 ,    ,    , constructed for donor A    27   CYS  SG  .

 NBONDX:      1920 atom and      0 group interactions within999.00 A.
 Spin: HD21,HD22,    , constructed for donor A    28   ASN  ND2 .

 NBONDX:       961 atom and      0 group interactions within999.00 A.
 Spin: HN  ,    ,    , constructed for donor B    1    SER  N   .

 NBONDX:       961 atom and      0 group interactions within999.00 A.
 Spin: HG1 ,    ,    , constructed for donor B    1    SER  OG  .

 NBONDX:      2877 atom and      0 group interactions within999.00 A.
 Spin: HZ1 ,HZ2 ,HZ3 , constructed for donor B    7    LYS  NZ  .

 NBONDX:      2877 atom and      0 group interactions within999.00 A.
 Spin: HG11,HG12,HG13, constructed for donor B    9    VAL  CG1 .

 NBONDX:      2877 atom and      0 group interactions within999.00 A.
 Spin: HG21,HG22,HG23, constructed for donor B    9    VAL  CG2 .

 NBONDX:      1920 atom and      0 group interactions within999.00 A.
 Spin: HD21,HD22,    , constructed for donor B    10   ASN  ND2 .

 NBONDX:      1920 atom and      0 group interactions within999.00 A.
 Spin: HE21,HE22,    , constructed for donor B    11   GLN  NE2 .

 NBONDX:      2877 atom and      0 group interactions within999.00 A.
 Spin: HD11,HD12,HD13, constructed for donor B    13   LEU  CD1 .

 NBONDX:      2877 atom and      0 group interactions within999.00 A.
 Spin: HD21,HD22,HD23, constructed for donor B    13   LEU  CD2 .

 NBONDX:       961 atom and      0 group interactions within999.00 A.
 Spin: HG1 ,    ,    , constructed for donor B    14   CYS  SG  .

 NBONDX:       961 atom and      0 group interactions within999.00 A.
 Spin: HG1 ,    ,    , constructed for donor B    16   SER  OG  .

 NBONDX:      2877 atom and      0 group interactions within999.00 A.
 Spin: HD11,HD12,HD13, constructed for donor B    18   LEU  CD1 .

 NBONDX:      2877 atom and      0 group interactions within999.00 A.
 Spin: HD21,HD22,HD23, constructed for donor B    18   LEU  CD2 .

 NBONDX:      2877 atom and      0 group interactions within999.00 A.
 Spin: HG11,HG12,HG13, constructed for donor B    19   VAL  CG1 .

 NBONDX:      2877 atom and      0 group interactions within999.00 A.
 Spin: HG21,HG22,HG23, constructed for donor B    19   VAL  CG2 .

 NBONDX:      2877 atom and      0 group interactions within999.00 A.
 Spin: HB1 ,HB2 ,HB3 , constructed for donor B    21   ALA  CB  .

 NBONDX:      2877 atom and      0 group interactions within999.00 A.
 Spin: HD11,HD12,HD13, constructed for donor B    22   LEU  CD1 .

 NBONDX:      2877 atom and      0 group interactions within999.00 A.
 Spin: HD21,HD22,HD23, constructed for donor B    22   LEU  CD2 .

 NBONDX:       961 atom and      0 group interactions within999.00 A.
 Spin: HH  ,    ,    , constructed for donor B    23   TYR  OH  .

 NBONDX:      2877 atom and      0 group interactions within999.00 A.
 Spin: HD11,HD12,HD13, constructed for donor B    24   LEU  CD1 .

 NBONDX:      2877 atom and      0 group interactions within999.00 A.
 Spin: HD21,HD22,HD23, constructed for donor B    24   LEU  CD2 .

 NBONDX:      2877 atom and      0 group interactions within999.00 A.
 Spin: HG11,HG12,HG13, constructed for donor B    25   VAL  CG1 .

 NBONDX:      2877 atom and      0 group interactions within999.00 A.
 Spin: HG21,HG22,HG23, constructed for donor B    25   VAL  CG2 .

 NBONDX:       961 atom and      0 group interactions within999.00 A.
 Spin: HG1 ,    ,    , constructed for donor B    26   CYS  SG  .

 NBONDX:      1920 atom and      0 group interactions within999.00 A.
 Spin: HH11,HH12,    , constructed for donor B    29   ARG  NH1 .

 NBONDX:      1920 atom and      0 group interactions within999.00 A.
 Spin: HH21,HH22,    , constructed for donor B    29   ARG  NH2 .

 NBONDX:       961 atom and      0 group interactions within999.00 A.
 Spin: HH  ,    ,    , constructed for donor B    33   TYR  OH  .

 NBONDX:       961 atom and      0 group interactions within999.00 A.
 Spin: HG1 ,    ,    , constructed for donor B    34   THR  OG1 .

 NBONDX:      2877 atom and      0 group interactions within999.00 A.
 Spin: HG21,HG22,HG23, constructed for donor B    34   THR  CG2 .

 NBONDX:      2877 atom and      0 group interactions within999.00 A.
 Spin: HZ1 ,HZ2 ,HZ3 , constructed for donor B    36   LYS  NZ  .

 NBONDX:       961 atom and      0 group interactions within999.00 A.
 Spin: HG1 ,    ,    , constructed for donor B    37   THR  OG1 .

 NBONDX:      2877 atom and      0 group interactions within999.00 A.
 Spin: HG21,HG22,HG23, constructed for donor B    37   THR  CG2 .
  
 CHARMM>     
  
 CHARMM>    hbuild sele hydrogen end -
 CHARMM>      elec atom rdiel switch eps 2 -
 CHARMM>      vdw vatom vswitch -
 CHARMM>      cutnb 999 ctofnb 998 ctonnb 997 wmin 1.5 -
 CHARMM>      e14fac 1 nbxmod 5
 SELRPN>    457 atoms have been selected out of    964
 PRNHBD: CUToff Hydrogen Bond  distance =    0.5000   Angle =   90.0000
         CuT switching ON HB dist. =     3.5000  OFf HB dist. =    4.0000
         CuT switching ON Hb Angle =    50.0000  OFf Hb Angle =   70.0000
         ACCEptor antecedents included
         All hydrogen bonds for each hydrogen will be found
         Hydrogen bonds between excluded atoms will be kept


 NONBOND OPTION FLAGS: 
     ELEC     VDW      ATOMs    RDIElec  SWITch   VATOm    VSWItch 
     BYGRoup  NOEXtnd  NOEWald 
 CUTNB  =999.000 CTEXNB =999.000 CTONNB =997.000 CTOFNB =998.000
 CGONNB =  0.000 CGOFNB = 10.000
 WMIN   =  1.500 WRNMXD =  0.500 E14FAC =  1.000 EPS    =  2.000
 NBXMOD =      5
 There are        0 atom  pairs and        0 atom  exclusions.
 There are        0 group pairs and        0 group exclusions.
 <MAKINB> with mode   5 found   2704 exclusions and   2503 interactions(1-4)
 <MAKGRP> found    871 group exclusions.

 CUToff Hydrogen Bond  distance =    0.5000           Angle =   90.0000
 CuT switching ON HB dist. =     3.5000 OFf HB dist. =    4.0000
 CuT switching ON Hb Angle =    50.0000 OFf Hb Angle =   70.0000
 ACCEptor antecedents included
 dihedral PHI STePs for spin =   10.0000
 cutoff for water acceptor search CUTWat=    7.5000

 Place: HA  ,    ,    , constructed for donor A    1    SER  CA  .
 Place: HB1 ,HB2 ,    , constructed for donor A    1    SER  CB  .
 Place: HN  ,    ,    , constructed for donor A    2    GLY  N   .
 Place: HA1 ,HA2 ,    , constructed for donor A    2    GLY  CA  .
 Place: HN  ,    ,    , constructed for donor A    3    ASP  N   .
 Place: HA  ,    ,    , constructed for donor A    3    ASP  CA  .
 Place: HB1 ,HB2 ,    , constructed for donor A    3    ASP  CB  .
 Place: HN  ,    ,    , constructed for donor A    4    ASP  N   .
 Place: HA  ,    ,    , constructed for donor A    4    ASP  CA  .
 Place: HB1 ,HB2 ,    , constructed for donor A    4    ASP  CB  .
 Place: HN  ,    ,    , constructed for donor A    5    ASP  N   .
 Place: HA  ,    ,    , constructed for donor A    5    ASP  CA  .
 Place: HB1 ,HB2 ,    , constructed for donor A    5    ASP  CB  .
 Place: HN  ,    ,    , constructed for donor A    6    ASP  N   .
 Place: HA  ,    ,    , constructed for donor A    6    ASP  CA  .
 Place: HB1 ,HB2 ,    , constructed for donor A    6    ASP  CB  .
 Place: HN  ,    ,    , constructed for donor A    7    LYS  N   .
 Place: HA  ,    ,    , constructed for donor A    7    LYS  CA  .
 Place: HB1 ,HB2 ,    , constructed for donor A    7    LYS  CB  .
 Place: HG1 ,HG2 ,    , constructed for donor A    7    LYS  CG  .
 Place: HD1 ,HD2 ,    , constructed for donor A    7    LYS  CD  .
 Place: HE1 ,HE2 ,    , constructed for donor A    7    LYS  CE  .
 Place: HN  ,    ,    , constructed for donor A    8    GLY  N   .
 Place: HA1 ,HA2 ,    , constructed for donor A    8    GLY  CA  .
 Place: HN  ,    ,    , constructed for donor A    9    ILE  N   .
 Place: HA  ,    ,    , constructed for donor A    9    ILE  CA  .
 Place: HB  ,    ,    , constructed for donor A    9    ILE  CB  .
 Place: HG11,HG12,    , constructed for donor A    9    ILE  CG1 .
 Place: HN  ,    ,    , constructed for donor A    10   VAL  N   .
 Place: HA  ,    ,    , constructed for donor A    10   VAL  CA  .
 Place: HB  ,    ,    , constructed for donor A    10   VAL  CB  .
 Place: HN  ,    ,    , constructed for donor A    11   GLU  N   .
 Place: HA  ,    ,    , constructed for donor A    11   GLU  CA  .
 Place: HB1 ,HB2 ,    , constructed for donor A    11   GLU  CB  .
 Place: HG1 ,HG2 ,    , constructed for donor A    11   GLU  CG  .
 Place: HN  ,    ,    , constructed for donor A    12   GLN  N   .
 Place: HA  ,    ,    , constructed for donor A    12   GLN  CA  .
 Place: HB1 ,HB2 ,    , constructed for donor A    12   GLN  CB  .
 Place: HG1 ,HG2 ,    , constructed for donor A    12   GLN  CG  .
 Place: HN  ,    ,    , constructed for donor A    13   CYS  N   .
 Place: HA  ,    ,    , constructed for donor A    13   CYS  CA  .
 Place: HB1 ,HB2 ,    , constructed for donor A    13   CYS  CB  .
 Place: HN  ,    ,    , constructed for donor A    14   CYS  N   .
 Place: HA  ,    ,    , constructed for donor A    14   CYS  CA  .
 Place: HB1 ,HB2 ,    , constructed for donor A    14   CYS  CB  .
 Place: HN  ,    ,    , constructed for donor A    15   THR  N   .
 Place: HA  ,    ,    , constructed for donor A    15   THR  CA  .
 Place: HB  ,    ,    , constructed for donor A    15   THR  CB  .
 Place: HN  ,    ,    , constructed for donor A    16   SER  N   .
 Place: HA  ,    ,    , constructed for donor A    16   SER  CA  .
 Place: HB1 ,HB2 ,    , constructed for donor A    16   SER  CB  .
 Place: HN  ,    ,    , constructed for donor A    17   ILE  N   .
 Place: HA  ,    ,    , constructed for donor A    17   ILE  CA  .
 Place: HB  ,    ,    , constructed for donor A    17   ILE  CB  .
 Place: HG11,HG12,    , constructed for donor A    17   ILE  CG1 .
 Place: HN  ,    ,    , constructed for donor A    18   CYS  N   .
 Place: HA  ,    ,    , constructed for donor A    18   CYS  CA  .
 Place: HB1 ,HB2 ,    , constructed for donor A    18   CYS  CB  .
 Place: HN  ,    ,    , constructed for donor A    19   SER  N   .
 Place: HA  ,    ,    , constructed for donor A    19   SER  CA  .
 Place: HB1 ,HB2 ,    , constructed for donor A    19   SER  CB  .
 Place: HN  ,    ,    , constructed for donor A    20   LEU  N   .
 Place: HA  ,    ,    , constructed for donor A    20   LEU  CA  .
 Place: HB1 ,HB2 ,    , constructed for donor A    20   LEU  CB  .
 Place: HG  ,    ,    , constructed for donor A    20   LEU  CG  .
 Place: HN  ,    ,    , constructed for donor A    21   TYR  N   .
 Place: HA  ,    ,    , constructed for donor A    21   TYR  CA  .
 Place: HB1 ,HB2 ,    , constructed for donor A    21   TYR  CB  .
 Place: HD1 ,    ,    , constructed for donor A    21   TYR  CD1 .
 Place: HE1 ,    ,    , constructed for donor A    21   TYR  CE1 .
 Place: HD2 ,    ,    , constructed for donor A    21   TYR  CD2 .
 Place: HE2 ,    ,    , constructed for donor A    21   TYR  CE2 .
 Place: HN  ,    ,    , constructed for donor A    22   GLN  N   .
 Place: HA  ,    ,    , constructed for donor A    22   GLN  CA  .
 Place: HB1 ,HB2 ,    , constructed for donor A    22   GLN  CB  .
 Place: HG1 ,HG2 ,    , constructed for donor A    22   GLN  CG  .
 Place: HN  ,    ,    , constructed for donor A    23   LEU  N   .
 Place: HA  ,    ,    , constructed for donor A    23   LEU  CA  .
 Place: HB1 ,HB2 ,    , constructed for donor A    23   LEU  CB  .
 Place: HG  ,    ,    , constructed for donor A    23   LEU  CG  .
 Place: HN  ,    ,    , constructed for donor A    24   GLU  N   .
 Place: HA  ,    ,    , constructed for donor A    24   GLU  CA  .
 Place: HB1 ,HB2 ,    , constructed for donor A    24   GLU  CB  .
 Place: HG1 ,HG2 ,    , constructed for donor A    24   GLU  CG  .
 Place: HN  ,    ,    , constructed for donor A    25   ASN  N   .
 Place: HA  ,    ,    , constructed for donor A    25   ASN  CA  .
 Place: HB1 ,HB2 ,    , constructed for donor A    25   ASN  CB  .
 Place: HN  ,    ,    , constructed for donor A    26   TYR  N   .
 Place: HA  ,    ,    , constructed for donor A    26   TYR  CA  .
 Place: HB1 ,HB2 ,    , constructed for donor A    26   TYR  CB  .
 Place: HD1 ,    ,    , constructed for donor A    26   TYR  CD1 .
 Place: HE1 ,    ,    , constructed for donor A    26   TYR  CE1 .
 Place: HD2 ,    ,    , constructed for donor A    26   TYR  CD2 .
 Place: HE2 ,    ,    , constructed for donor A    26   TYR  CE2 .
 Place: HN  ,    ,    , constructed for donor A    27   CYS  N   .
 Place: HA  ,    ,    , constructed for donor A    27   CYS  CA  .
 Place: HB1 ,HB2 ,    , constructed for donor A    27   CYS  CB  .
 Place: HN  ,    ,    , constructed for donor A    28   ASN  N   .
 Place: HA  ,    ,    , constructed for donor A    28   ASN  CA  .
 Place: HB1 ,HB2 ,    , constructed for donor A    28   ASN  CB  .
 Place: HA  ,    ,    , constructed for donor B    1    SER  CA  .
 Place: HB1 ,HB2 ,    , constructed for donor B    1    SER  CB  .
 Place: HN  ,    ,    , constructed for donor B    2    GLY  N   .
 Place: HA1 ,HA2 ,    , constructed for donor B    2    GLY  CA  .
 Place: HN  ,    ,    , constructed for donor B    3    ASP  N   .
 Place: HA  ,    ,    , constructed for donor B    3    ASP  CA  .
 Place: HB1 ,HB2 ,    , constructed for donor B    3    ASP  CB  .
 Place: HN  ,    ,    , constructed for donor B    4    ASP  N   .
 Place: HA  ,    ,    , constructed for donor B    4    ASP  CA  .
 Place: HB1 ,HB2 ,    , constructed for donor B    4    ASP  CB  .
 Place: HN  ,    ,    , constructed for donor B    5    ASP  N   .
 Place: HA  ,    ,    , constructed for donor B    5    ASP  CA  .
 Place: HB1 ,HB2 ,    , constructed for donor B    5    ASP  CB  .
 Place: HN  ,    ,    , constructed for donor B    6    ASP  N   .
 Place: HA  ,    ,    , constructed for donor B    6    ASP  CA  .
 Place: HB1 ,HB2 ,    , constructed for donor B    6    ASP  CB  .
 Place: HN  ,    ,    , constructed for donor B    7    LYS  N   .
 Place: HA  ,    ,    , constructed for donor B    7    LYS  CA  .
 Place: HB1 ,HB2 ,    , constructed for donor B    7    LYS  CB  .
 Place: HG1 ,HG2 ,    , constructed for donor B    7    LYS  CG  .
 Place: HD1 ,HD2 ,    , constructed for donor B    7    LYS  CD  .
 Place: HE1 ,HE2 ,    , constructed for donor B    7    LYS  CE  .
 Place: HN  ,    ,    , constructed for donor B    8    PHE  N   .
 Place: HA  ,    ,    , constructed for donor B    8    PHE  CA  .
 Place: HB1 ,HB2 ,    , constructed for donor B    8    PHE  CB  .
 Place: HD1 ,    ,    , constructed for donor B    8    PHE  CD1 .
 Place: HE1 ,    ,    , constructed for donor B    8    PHE  CE1 .
 Place: HZ  ,    ,    , constructed for donor B    8    PHE  CZ  .
 Place: HD2 ,    ,    , constructed for donor B    8    PHE  CD2 .
 Place: HE2 ,    ,    , constructed for donor B    8    PHE  CE2 .
 Place: HN  ,    ,    , constructed for donor B    9    VAL  N   .
 Place: HA  ,    ,    , constructed for donor B    9    VAL  CA  .
 Place: HB  ,    ,    , constructed for donor B    9    VAL  CB  .
 Place: HN  ,    ,    , constructed for donor B    10   ASN  N   .
 Place: HA  ,    ,    , constructed for donor B    10   ASN  CA  .
 Place: HB1 ,HB2 ,    , constructed for donor B    10   ASN  CB  .
 Place: HN  ,    ,    , constructed for donor B    11   GLN  N   .
 Place: HA  ,    ,    , constructed for donor B    11   GLN  CA  .
 Place: HB1 ,HB2 ,    , constructed for donor B    11   GLN  CB  .
 Place: HG1 ,HG2 ,    , constructed for donor B    11   GLN  CG  .
 Place: HN  ,    ,    , constructed for donor B    12   HSD  N   .
 Place: HA  ,    ,    , constructed for donor B    12   HSD  CA  .
 Place: HB1 ,HB2 ,    , constructed for donor B    12   HSD  CB  .
 Place: HD1 ,    ,    , constructed for donor B    12   HSD  ND1 .
 Place: HE1 ,    ,    , constructed for donor B    12   HSD  CE1 .
 Place: HD2 ,    ,    , constructed for donor B    12   HSD  CD2 .
 Place: HN  ,    ,    , constructed for donor B    13   LEU  N   .
 Place: HA  ,    ,    , constructed for donor B    13   LEU  CA  .
 Place: HB1 ,HB2 ,    , constructed for donor B    13   LEU  CB  .
 Place: HG  ,    ,    , constructed for donor B    13   LEU  CG  .
 Place: HN  ,    ,    , constructed for donor B    14   CYS  N   .
 Place: HA  ,    ,    , constructed for donor B    14   CYS  CA  .
 Place: HB1 ,HB2 ,    , constructed for donor B    14   CYS  CB  .
 Place: HN  ,    ,    , constructed for donor B    15   GLY  N   .
 Place: HA1 ,HA2 ,    , constructed for donor B    15   GLY  CA  .
 Place: HN  ,    ,    , constructed for donor B    16   SER  N   .
 Place: HA  ,    ,    , constructed for donor B    16   SER  CA  .
 Place: HB1 ,HB2 ,    , constructed for donor B    16   SER  CB  .
 Place: HN  ,    ,    , constructed for donor B    17   HSD  N   .
 Place: HA  ,    ,    , constructed for donor B    17   HSD  CA  .
 Place: HB1 ,HB2 ,    , constructed for donor B    17   HSD  CB  .
 Place: HD1 ,    ,    , constructed for donor B    17   HSD  ND1 .
 Place: HE1 ,    ,    , constructed for donor B    17   HSD  CE1 .
 Place: HD2 ,    ,    , constructed for donor B    17   HSD  CD2 .
 Place: HN  ,    ,    , constructed for donor B    18   LEU  N   .
 Place: HA  ,    ,    , constructed for donor B    18   LEU  CA  .
 Place: HB1 ,HB2 ,    , constructed for donor B    18   LEU  CB  .
 Place: HG  ,    ,    , constructed for donor B    18   LEU  CG  .
 Place: HN  ,    ,    , constructed for donor B    19   VAL  N   .
 Place: HA  ,    ,    , constructed for donor B    19   VAL  CA  .
 Place: HB  ,    ,    , constructed for donor B    19   VAL  CB  .
 Place: HN  ,    ,    , constructed for donor B    20   GLU  N   .
 Place: HA  ,    ,    , constructed for donor B    20   GLU  CA  .
 Place: HB1 ,HB2 ,    , constructed for donor B    20   GLU  CB  .
 Place: HG1 ,HG2 ,    , constructed for donor B    20   GLU  CG  .
 Place: HN  ,    ,    , constructed for donor B    21   ALA  N   .
 Place: HA  ,    ,    , constructed for donor B    21   ALA  CA  .
 Place: HN  ,    ,    , constructed for donor B    22   LEU  N   .
 Place: HA  ,    ,    , constructed for donor B    22   LEU  CA  .
 Place: HB1 ,HB2 ,    , constructed for donor B    22   LEU  CB  .
 Place: HG  ,    ,    , constructed for donor B    22   LEU  CG  .
 Place: HN  ,    ,    , constructed for donor B    23   TYR  N   .
 Place: HA  ,    ,    , constructed for donor B    23   TYR  CA  .
 Place: HB1 ,HB2 ,    , constructed for donor B    23   TYR  CB  .
 Place: HD1 ,    ,    , constructed for donor B    23   TYR  CD1 .
 Place: HE1 ,    ,    , constructed for donor B    23   TYR  CE1 .
 Place: HD2 ,    ,    , constructed for donor B    23   TYR  CD2 .
 Place: HE2 ,    ,    , constructed for donor B    23   TYR  CE2 .
 Place: HN  ,    ,    , constructed for donor B    24   LEU  N   .
 Place: HA  ,    ,    , constructed for donor B    24   LEU  CA  .
 Place: HB1 ,HB2 ,    , constructed for donor B    24   LEU  CB  .
 Place: HG  ,    ,    , constructed for donor B    24   LEU  CG  .
 Place: HN  ,    ,    , constructed for donor B    25   VAL  N   .
 Place: HA  ,    ,    , constructed for donor B    25   VAL  CA  .
 Place: HB  ,    ,    , constructed for donor B    25   VAL  CB  .
 Place: HN  ,    ,    , constructed for donor B    26   CYS  N   .
 Place: HA  ,    ,    , constructed for donor B    26   CYS  CA  .
 Place: HB1 ,HB2 ,    , constructed for donor B    26   CYS  CB  .
 Place: HN  ,    ,    , constructed for donor B    27   GLY  N   .
 Place: HA1 ,HA2 ,    , constructed for donor B    27   GLY  CA  .
 Place: HN  ,    ,    , constructed for donor B    28   GLU  N   .
 Place: HA  ,    ,    , constructed for donor B    28   GLU  CA  .
 Place: HB1 ,HB2 ,    , constructed for donor B    28   GLU  CB  .
 Place: HG1 ,HG2 ,    , constructed for donor B    28   GLU  CG  .
 Place: HN  ,    ,    , constructed for donor B    29   ARG  N   .
 Place: HA  ,    ,    , constructed for donor B    29   ARG  CA  .
 Place: HB1 ,HB2 ,    , constructed for donor B    29   ARG  CB  .
 Place: HG1 ,HG2 ,    , constructed for donor B    29   ARG  CG  .
 Place: HD1 ,HD2 ,    , constructed for donor B    29   ARG  CD  .
 Place: HE  ,    ,    , constructed for donor B    29   ARG  NE  .
 Place: HN  ,    ,    , constructed for donor B    30   GLY  N   .
 Place: HA1 ,HA2 ,    , constructed for donor B    30   GLY  CA  .
 Place: HN  ,    ,    , constructed for donor B    31   PHE  N   .
 Place: HA  ,    ,    , constructed for donor B    31   PHE  CA  .
 Place: HB1 ,HB2 ,    , constructed for donor B    31   PHE  CB  .
 Place: HD1 ,    ,    , constructed for donor B    31   PHE  CD1 .
 Place: HE1 ,    ,    , constructed for donor B    31   PHE  CE1 .
 Place: HZ  ,    ,    , constructed for donor B    31   PHE  CZ  .
 Place: HD2 ,    ,    , constructed for donor B    31   PHE  CD2 .
 Place: HE2 ,    ,    , constructed for donor B    31   PHE  CE2 .
 Place: HN  ,    ,    , constructed for donor B    32   PHE  N   .
 Place: HA  ,    ,    , constructed for donor B    32   PHE  CA  .
 Place: HB1 ,HB2 ,    , constructed for donor B    32   PHE  CB  .
 Place: HD1 ,    ,    , constructed for donor B    32   PHE  CD1 .
 Place: HE1 ,    ,    , constructed for donor B    32   PHE  CE1 .
 Place: HZ  ,    ,    , constructed for donor B    32   PHE  CZ  .
 Place: HD2 ,    ,    , constructed for donor B    32   PHE  CD2 .
 Place: HE2 ,    ,    , constructed for donor B    32   PHE  CE2 .
 Place: HN  ,    ,    , constructed for donor B    33   TYR  N   .
 Place: HA  ,    ,    , constructed for donor B    33   TYR  CA  .
 Place: HB1 ,HB2 ,    , constructed for donor B    33   TYR  CB  .
 Place: HD1 ,    ,    , constructed for donor B    33   TYR  CD1 .
 Place: HE1 ,    ,    , constructed for donor B    33   TYR  CE1 .
 Place: HD2 ,    ,    , constructed for donor B    33   TYR  CD2 .
 Place: HE2 ,    ,    , constructed for donor B    33   TYR  CE2 .
 Place: HN  ,    ,    , constructed for donor B    34   THR  N   .
 Place: HA  ,    ,    , constructed for donor B    34   THR  CA  .
 Place: HB  ,    ,    , constructed for donor B    34   THR  CB  .
 Place: HD1 ,HD2 ,    , constructed for donor B    35   PRO  CD  .
 Place: HA  ,    ,    , constructed for donor B    35   PRO  CA  .
 Place: HB1 ,HB2 ,    , constructed for donor B    35   PRO  CB  .
 Place: HG1 ,HG2 ,    , constructed for donor B    35   PRO  CG  .
 Place: HN  ,    ,    , constructed for donor B    36   LYS  N   .
 Place: HA  ,    ,    , constructed for donor B    36   LYS  CA  .
 Place: HB1 ,HB2 ,    , constructed for donor B    36   LYS  CB  .
 Place: HG1 ,HG2 ,    , constructed for donor B    36   LYS  CG  .
 Place: HD1 ,HD2 ,    , constructed for donor B    36   LYS  CD  .
 Place: HE1 ,HE2 ,    , constructed for donor B    36   LYS  CE  .
 Place: HN  ,    ,    , constructed for donor B    37   THR  N   .
 Place: HA  ,    ,    , constructed for donor B    37   THR  CA  .
 Place: HB  ,    ,    , constructed for donor B    37   THR  CB  .

 NBONDX:       961 atom and      0 group interactions within999.00 A.
 Spin: HN  ,    ,    , constructed for donor A    1    SER  N   .

 NBONDX:       961 atom and      0 group interactions within999.00 A.
 Spin: HG1 ,    ,    , constructed for donor A    1    SER  OG  .

 NBONDX:      2877 atom and      0 group interactions within999.00 A.
 Spin: HZ1 ,HZ2 ,HZ3 , constructed for donor A    7    LYS  NZ  .

 NBONDX:      2877 atom and      0 group interactions within999.00 A.
 Spin: HG21,HG22,HG23, constructed for donor A    9    ILE  CG2 .

 NBONDX:      2877 atom and      0 group interactions within999.00 A.
 Spin: HD1 ,HD2 ,HD3 , constructed for donor A    9    ILE  CD  .

 NBONDX:      2877 atom and      0 group interactions within999.00 A.
 Spin: HG11,HG12,HG13, constructed for donor A    10   VAL  CG1 .

 NBONDX:      2877 atom and      0 group interactions within999.00 A.
 Spin: HG21,HG22,HG23, constructed for donor A    10   VAL  CG2 .

 NBONDX:      1920 atom and      0 group interactions within999.00 A.
 Spin: HE21,HE22,    , constructed for donor A    12   GLN  NE2 .

 NBONDX:       961 atom and      0 group interactions within999.00 A.
 Spin: HG1 ,    ,    , constructed for donor A    13   CYS  SG  .

 NBONDX:       961 atom and      0 group interactions within999.00 A.
 Spin: HG1 ,    ,    , constructed for donor A    14   CYS  SG  .

 NBONDX:       961 atom and      0 group interactions within999.00 A.
 Spin: HG1 ,    ,    , constructed for donor A    15   THR  OG1 .

 NBONDX:      2877 atom and      0 group interactions within999.00 A.
 Spin: HG21,HG22,HG23, constructed for donor A    15   THR  CG2 .

 NBONDX:       961 atom and      0 group interactions within999.00 A.
 Spin: HG1 ,    ,    , constructed for donor A    16   SER  OG  .

 NBONDX:      2877 atom and      0 group interactions within999.00 A.
 Spin: HG21,HG22,HG23, constructed for donor A    17   ILE  CG2 .

 NBONDX:      2877 atom and      0 group interactions within999.00 A.
 Spin: HD1 ,HD2 ,HD3 , constructed for donor A    17   ILE  CD  .

 NBONDX:       961 atom and      0 group interactions within999.00 A.
 Spin: HG1 ,    ,    , constructed for donor A    18   CYS  SG  .

 NBONDX:       961 atom and      0 group interactions within999.00 A.
 Spin: HG1 ,    ,    , constructed for donor A    19   SER  OG  .

 NBONDX:      2877 atom and      0 group interactions within999.00 A.
 Spin: HD11,HD12,HD13, constructed for donor A    20   LEU  CD1 .

 NBONDX:      2877 atom and      0 group interactions within999.00 A.
 Spin: HD21,HD22,HD23, constructed for donor A    20   LEU  CD2 .

 NBONDX:       961 atom and      0 group interactions within999.00 A.
 Spin: HH  ,    ,    , constructed for donor A    21   TYR  OH  .

 NBONDX:      1920 atom and      0 group interactions within999.00 A.
 Spin: HE21,HE22,    , constructed for donor A    22   GLN  NE2 .

 NBONDX:      2877 atom and      0 group interactions within999.00 A.
 Spin: HD11,HD12,HD13, constructed for donor A    23   LEU  CD1 .

 NBONDX:      2877 atom and      0 group interactions within999.00 A.
 Spin: HD21,HD22,HD23, constructed for donor A    23   LEU  CD2 .

 NBONDX:      1920 atom and      0 group interactions within999.00 A.
 Spin: HD21,HD22,    , constructed for donor A    25   ASN  ND2 .

 NBONDX:       961 atom and      0 group interactions within999.00 A.
 Spin: HH  ,    ,    , constructed for donor A    26   TYR  OH  .

 NBONDX:       961 atom and      0 group interactions within999.00 A.
 Spin: HG1 ,    ,    , constructed for donor A    27   CYS  SG  .

 NBONDX:      1920 atom and      0 group interactions within999.00 A.
 Spin: HD21,HD22,    , constructed for donor A    28   ASN  ND2 .

 NBONDX:       961 atom and      0 group interactions within999.00 A.
 Spin: HN  ,    ,    , constructed for donor B    1    SER  N   .

 NBONDX:       961 atom and      0 group interactions within999.00 A.
 Spin: HG1 ,    ,    , constructed for donor B    1    SER  OG  .

 NBONDX:      2877 atom and      0 group interactions within999.00 A.
 Spin: HZ1 ,HZ2 ,HZ3 , constructed for donor B    7    LYS  NZ  .

 NBONDX:      2877 atom and      0 group interactions within999.00 A.
 Spin: HG11,HG12,HG13, constructed for donor B    9    VAL  CG1 .

 NBONDX:      2877 atom and      0 group interactions within999.00 A.
 Spin: HG21,HG22,HG23, constructed for donor B    9    VAL  CG2 .

 NBONDX:      1920 atom and      0 group interactions within999.00 A.
 Spin: HD21,HD22,    , constructed for donor B    10   ASN  ND2 .

 NBONDX:      1920 atom and      0 group interactions within999.00 A.
 Spin: HE21,HE22,    , constructed for donor B    11   GLN  NE2 .

 NBONDX:      2877 atom and      0 group interactions within999.00 A.
 Spin: HD11,HD12,HD13, constructed for donor B    13   LEU  CD1 .

 NBONDX:      2877 atom and      0 group interactions within999.00 A.
 Spin: HD21,HD22,HD23, constructed for donor B    13   LEU  CD2 .

 NBONDX:       961 atom and      0 group interactions within999.00 A.
 Spin: HG1 ,    ,    , constructed for donor B    14   CYS  SG  .

 NBONDX:       961 atom and      0 group interactions within999.00 A.
 Spin: HG1 ,    ,    , constructed for donor B    16   SER  OG  .

 NBONDX:      2877 atom and      0 group interactions within999.00 A.
 Spin: HD11,HD12,HD13, constructed for donor B    18   LEU  CD1 .

 NBONDX:      2877 atom and      0 group interactions within999.00 A.
 Spin: HD21,HD22,HD23, constructed for donor B    18   LEU  CD2 .

 NBONDX:      2877 atom and      0 group interactions within999.00 A.
 Spin: HG11,HG12,HG13, constructed for donor B    19   VAL  CG1 .

 NBONDX:      2877 atom and      0 group interactions within999.00 A.
 Spin: HG21,HG22,HG23, constructed for donor B    19   VAL  CG2 .

 NBONDX:      2877 atom and      0 group interactions within999.00 A.
 Spin: HB1 ,HB2 ,HB3 , constructed for donor B    21   ALA  CB  .

 NBONDX:      2877 atom and      0 group interactions within999.00 A.
 Spin: HD11,HD12,HD13, constructed for donor B    22   LEU  CD1 .

 NBONDX:      2877 atom and      0 group interactions within999.00 A.
 Spin: HD21,HD22,HD23, constructed for donor B    22   LEU  CD2 .

 NBONDX:       961 atom and      0 group interactions within999.00 A.
 Spin: HH  ,    ,    , constructed for donor B    23   TYR  OH  .

 NBONDX:      2877 atom and      0 group interactions within999.00 A.
 Spin: HD11,HD12,HD13, constructed for donor B    24   LEU  CD1 .

 NBONDX:      2877 atom and      0 group interactions within999.00 A.
 Spin: HD21,HD22,HD23, constructed for donor B    24   LEU  CD2 .

 NBONDX:      2877 atom and      0 group interactions within999.00 A.
 Spin: HG11,HG12,HG13, constructed for donor B    25   VAL  CG1 .

 NBONDX:      2877 atom and      0 group interactions within999.00 A.
 Spin: HG21,HG22,HG23, constructed for donor B    25   VAL  CG2 .

 NBONDX:       961 atom and      0 group interactions within999.00 A.
 Spin: HG1 ,    ,    , constructed for donor B    26   CYS  SG  .

 NBONDX:      1920 atom and      0 group interactions within999.00 A.
 Spin: HH11,HH12,    , constructed for donor B    29   ARG  NH1 .

 NBONDX:      1920 atom and      0 group interactions within999.00 A.
 Spin: HH21,HH22,    , constructed for donor B    29   ARG  NH2 .

 NBONDX:       961 atom and      0 group interactions within999.00 A.
 Spin: HH  ,    ,    , constructed for donor B    33   TYR  OH  .

 NBONDX:       961 atom and      0 group interactions within999.00 A.
 Spin: HG1 ,    ,    , constructed for donor B    34   THR  OG1 .

 NBONDX:      2877 atom and      0 group interactions within999.00 A.
 Spin: HG21,HG22,HG23, constructed for donor B    34   THR  CG2 .

 NBONDX:      2877 atom and      0 group interactions within999.00 A.
 Spin: HZ1 ,HZ2 ,HZ3 , constructed for donor B    36   LYS  NZ  .

 NBONDX:       961 atom and      0 group interactions within999.00 A.
 Spin: HG1 ,    ,    , constructed for donor B    37   THR  OG1 .

 NBONDX:      2877 atom and      0 group interactions within999.00 A.
 Spin: HG21,HG22,HG23, constructed for donor B    37   THR  CG2 .
  
 CHARMM>     
  
 CHARMM>    update

 NONBOND OPTION FLAGS: 
     ELEC     VDW      ATOMs    CDIElec  SHIFt    VATOm    VSWItch 
     BYGRoup  NOEXtnd  NOEWald 
 CUTNB  = 14.000 CTEXNB =999.000 CTONNB = 10.000 CTOFNB = 12.000
 CGONNB =  0.000 CGOFNB = 10.000
 WMIN   =  1.500 WRNMXD =  0.500 E14FAC =  1.000 EPS    =  1.000
 NBXMOD =      5
 There are        0 atom  pairs and        0 atom  exclusions.
 There are        0 group pairs and        0 group exclusions.
 <MAKINB> with mode   5 found   2704 exclusions and   2503 interactions(1-4)
 <MAKGRP> found    871 group exclusions.
 Generating nonbond list with Exclusion mode = 5
 == PRIMARY == SPACE FOR   277007 ATOM PAIRS AND        0 GROUP PAIRS

 General atom nonbond list generation found:
   203793 ATOM PAIRS WERE FOUND FOR ATOM LIST
     8677 GROUP PAIRS REQUIRED ATOM SEARCHES

  
 CHARMM>     
  
 CHARMM>    ! Write out structure, ic table and coordinates.
 CHARMM>    ! ==============================================
 CHARMM>     
  
 CHARMM>    scalar wmain = charge
  
 CHARMM>     
  
 CHARMM>    open write unit 1 card name 2hiu_1rr.crd
 VOPEN> Attempting to open::2hiu_1rr.crd::
 OPNLGU> Unit  1 opened for WRITE access to 2hiu_1rr.crd
  
 CHARMM>    write coor card unit 1
 RDTITL>  
 RDTITL> No title read.
 VCLOSE: Closing unit    1 with status "KEEP"
  
 CHARMM>     
  
 CHARMM>    open write unit 1 card name 2hiu_1rr.pdb
 VOPEN> Attempting to open::2hiu_1rr.pdb::
 OPNLGU> Unit  1 opened for WRITE access to 2hiu_1rr.pdb
  
 CHARMM>    write coor pdb unit 1
 RDTITL>  
 RDTITL> No title read.
  Write CHARMM-pdb format
  
 CHARMM>     
  
 CHARMM>    write psf card xplo name 2hiu_1rr_xplo.psf
 VOPEN> Attempting to open::2hiu_1rr_xplo.psf::
 RDTITL>  
 RDTITL> No title read.
 VCLOSE: Closing unit   90 with status "KEEP"
  
 CHARMM>     
  
 CHARMM>    stop
 VCLOSE: Closing unit    1 with status "KEEP"
$$$$$$  New timer profile $$$$$
 Total time                      1.05 Other:            0.00

                    NORMAL TERMINATION BY NORMAL STOP
                    MOST SEVERE WARNING WAS AT LEVEL  2

                    $$$$$ JOB ACCOUNTING INFORMATION $$$$$
                     ELAPSED TIME:     1.05  SECONDS 
                         CPU TIME:     0.34  SECONDS 
